0
2
4
8
16
24
34
46
62
96
118
154
184
214
242
308
372
416
484
542
590
672
736
838
992
1070
1140
1194
1266
1362
1696
1798
1944
2038
2284
2394
2586
2788
2872
3112
3302
3434
3772
3900
4012
4150
4642
5146
5284
5440
5592
5886
6062
6492
6770
7106
7438
7636
7904
8130
8320
8848
9676
9950
10166
10314
11282
11672
12280
12516
12804
13164
13840
14324
14786
15086
15454
16194
16452
17168
17942
18266
18954
19242
19760
20102
20640
21370
21714
22056
22306
23438
24254
24660
25486
25870
26474
27746
28100
29936
30604
31580
32314
32908
33334
34058
35060
35896
36534
36974
37664
38444
38834
39248
40728
41844
42274
42704
43516
44314
44814
46300
46688
47618
48910
50124
51328
52592
53856
54930
55706
56280
57618
58554
59088
60314
60974
63176
64568
66464
67058
68574
69124
69594
70158
71658
74198
74702
75320
75896
78332
79038
79668
80192
83758
84528
86038
87788
89282
90082
91144
92536
95274
95996
96990
98350
100160
101380
103628
104472
105510
106274
108040
108736
110026
111788
112598
114504
115218
116542
120176
120982
121786
122368
123874
125098
126970
128672
129834
134774
135542
137632
139734
141868
143054
144822
146860
149764
150446
152164
153440
154350
155762
158784
161090
165596
166454
167304
168742
169696
171062
172166
173108
173786
176746
177746
179164
188222
189718
191770
194086
198938
201610
205848
206630
207674
208850
210294
212832
213794
214806
216624
220102
222720
223770
224610
225618
226614
228396
232020
235666
238496
242274
243746
244850
246752
249646
250964
253444
254690
259166
260350
262124
263204
264636
266102
267290
269174
272234
279058
281120
282210
283326
291352
292452
293586
296598
300852
302094
304864
308304
310194
312650
314436
320644
323242
324080
325276
329824
333294
337636
340866
346162
351792
354030
355384
356680
357828
359082
362046
366972
369254
371642
378554
379958
385590
387060
395062
397576
401068
403724
404592
405942
407656
411158
413298
416940
418344
421848
428344
432188
434272
439530
440920
442182
443598
447076
452200
453672
459870
461440
463796
465340
466906
470610
474826
482342
493004
494108
497394
501246
507506
509000
510906
514802
521288
522908
524668
528368
531130
534270
535678
540800
542630
552452
555170
556934
559222
560992
563944
571222
573652
575584
577174
579442
581418
584276
589984
592612
596330
602950
604906
607690
613376
617960
621276
622480
636318
645472
649978
654556
656210
659454
661364
663996
674966
681270
682998
690452
694826
697174
703890
710946
715660
717434
719794
724332
727392
730854
732516
734436
736296
738854
744056
745846
747662
750652
755704
757858
762340
767316
769284
777078
782354
789190
791260
794004
796306
798176
806630
815078
816498
820752
825276
828794
831170
840518
846184
851278
855414
858234
863698
869294
876224
885258
887046
890816
894406
896656
912438
914638
919844
925178
927362
936014
938666
943680
951136
954768
962102
964644
967858
981198
986422
988774
998252
1015238
1017158
1019366
1027198
1030380
1032982
1040844
1044724
1050094
1052666
1058062
1071906
1074078
1075708
1077886
1086084
1103386
1105886
1110116
1114124
1117910
1120580
1123982
1126448
1134196
1136450
1144336
1146928
1152662
1154914
1165186
1167680
1177432
1182004
1196564
1206162
1212050
1215142
1217452
1218898
1221278
1236258
1242294
1251012
1255040
1261120
1263640
1266120
1270102
1272714
1277188
1283188
1285562
1294430
1300356
1302750
1309570
1319812
1325280
1327368
1331552
1338158
1342038
1347344
1357908
1366956
1369476
1371336
1382406
1387028
1389930
1395730
1402872
1410002
1414270
1418790
1434114
1438952
1441472
1448214
1459954
1462162
1467164
1480602
1483416
1490316
1501218
1504704
1507284
1513484
1525008
1528276
1534468
1548424
1551578
1555642
1558256
1561574
1565486
1568376
1577822
1580100
1596988
1613750
1622980
1625750
1628426
1633714
1638048
1641012
1645124
1662732
1665702
1670004
1682620
1687412
1697250
1700142
1704460
1714822
1726598
1729382
1732650
1737288
1750140
1752448
1755526
1769918
1790392
1797710
1803006
1805928
1813566
1816692
1823944
1826986
1834646
1839320
1842460
1850520
1853384
1860442
1865604
1873396
1899390
1907026
1909924
1917736
1925916
1931520
1939824
1955072
1960644
1971050
1982134
1985236
2000792
2005706
2009152
2014536
2020126
2036380
2039386
2047594
2059750
2066482
2068598
2071616
2075338
2095822
2098858
2110762
2115672
2130496
2138066
2143650
2150164
2166288
2179942
2183036
2186090
2191866
2195316
2199760
2206722
2214830
2220054
2232156
2242926
2260042
2263192
2268480
2272612
2289136
2297578
2320506
2323028
2326520
2330200
2335112
2338632
2349802
2352850
2367834
2397088
2406210
2411838
2423854
2438762
2444162
2453246
2465492
2468792
2471006
2478184
2486326
2491926
2500672
2504056
2508420
2522466
2528862
2535068
2539002
2543572
2547254
2556738
2560140
2574398
2586774
2596128
2614082
2617992
2623728
2636334
2640154
2645882
2652978
2657712
2685650
2693270
2707558
2712028
2720850
2729400
2739580
2752628
2770710
2774192
2777696
2781180
2806572
2819304
2825894
2829894
2844564
2851398
2857850
2874030
2884280
2899304
2903818
2935670
2941564
2949440
2954948
2964902
2972290
2975032
2978938
2991238
2998374
3002072
3005702
3011950
3034358
3041250
3045088
3048678
3067778
3071720
3074714
3088608
3092720
3098134
3102488
3130970
3138980
3145544
3150224
3159496
3170612
3206500
3223088
3227256
3233990
3237800
3241580
3244964
3248862
3258490
3275764
3282470
3286286
3297366
3306942
3313922
3336762
3341706
3345768
3352220
3386906
3391756
3401610
3411990
3418054
3426402
3436166
3443464
3457418
3461664
3467952
3472362
3479792
3483756
3489850
3493774
3504206
3508742
3525934
3533736
3558886
3562010
3576412
3594506
3627010
3633916
3659124
3663738
3684684
3696192
3703716
3706600
3715704
3732530
3740394
3748048
3758684
3763430
3773462
3788610
3800866
3810904
3815308
3826264
3837270
3853174
3863768
3892636
3896770
3901664
3912470
3919366
3924138
3934766
3957328
3968432
3977274
3983962
3988792
3995996
4007178
4022560
4027420
4037630
4045802
4054348
4061194
4071972
4080994
4092306
4099808
4104504
4110898
4119910
4126454
4138920
4150028
4180646
4189056
4216232
4221002
4244126
4249090
4259270
4271316
4310392
4322556
4345340
4350194
4355018
4367222
4374314
4379156
4386324
4392088
4415140
4426386
4442482
4466870
4487826
4494500
4499432
4515658
4523488
4535654
4540568
4552090
4556560
4564928
4576788
4597324
4601692
4633974
4638888
4658806
4663794
4675194
4679730
4692272
4721572
4724458
4729014
4734198
4746326
4765594
4775594
4783286
4788332
4804390
4824646
4837784
4842678
4851582
4891776
4896420
4909294
4914462
4921210
4926852
4935432
4944064
4956526
4964538
4970304
4986456
4994854
5006646
5024104
5030266
5049608
5066676
5079848
5115332
5122896
5140294
5149024
5153992
5184468
5197558
5222384
5236230
5244830
5265624
5271810
5276622
5284270
5297702
5310238
5320808
5323980
5334420
5378328
5398258
5412184
5417476
5435050
5448628
5453752
5474590
5480260
5506356
5543046
5569540
5577844
5600508
5627964
5636134
5641352
5667268
5673418
5681676
5686860
5700118
5714000
5727104
5737882
5745498
5758928
5764308
5774030
5779274
5791582
5797414
5815622
5820174
5829004
5837864
5843694
5862000
5865748
5890296
5916894
5922752
5931370
5962098
5968834
5982638
5991456
5996994
6010182
6016434
6038202
6048608
6052692
6075660
6095572
6099820
6104998
6151886
6157278
6193884
6203752
6213748
6233362
6251532
6273592
6284832
6288968
6294446
6300860
6328680
6337282
6356252
6371642
6381494
6385672
6404984
6410854
6430392
6478432
6502346
6508244
6516406
6551030
6575598
6584562
6600178
6619726
6628788
6634188
6640824
6654880
6669212
6677520
6689810
6728064
6752650
6762828
6768550
6782676
6803532
6832918
6847192
6853236
6867532
6873412
6878132
6888214
6923242
6931866
6938662
6961394
6968424
6973956
6978796
7003718
7013398
7033064
7073920
7090522
7099394
7115382
7130480
7136084
7186038
7191690
7202410
7208600
7228204
7232846
7258806
7267458
7325804
7347644
7361738
7371068
7386864
7392558
7399134
7434908
7450274
7465342
7490622
7496356
7512148
7538134
7543732
7549488
7571600
7579910
7607506
7618462
7632610
7639312
7653772
7660976
7670558
7685400
7698788
7708142
7728006
7738886
7746182
7755076
7767440
7782596
7814318
7821058
7856836
7862674
7883340
7890144
7904974
7915130
7921028
7937798
7958598
7964940
7970494
8006772
8020324
8072558
8082496
8090228
8105780
8122658
8144076
8152954
8159812
8207184
8213784
8224830
8230336
8236348
8263254
8284452
8290774
8302764
8319158
8333756
8380014
8401574
8411778
8444708
8458040
8462082
8489412
8501148
8508220
8529814
8546434
8556890
8579324
8586686
8595596
8618820
8630178
8651992
8659312
8685936
8723504
8730742
8737720
8754766
8788630
8803884
8810682
8837320
8844876
8851122
8861150
8901266
8910978
8940970
8952566
8963868
8981990
8992100
8999024
9015650
9021962
9027398
9034196
9072614
9079124
9085154
9096786
9107956
9131910
9143034
9172042
9189188
9212512
9223166
9239336
9247846
9314324
9345030
9367258
9379896
9387958
9397398
9404484
9427322
9439134
9463566
9491612
9498066
9515870
9532406
9573304
9580432
9605392
9614618
9621682
9633398
9668444
9675332
9698932
9710154
9717532
9742682
9759374
9771026
9794062
9801326
9811642
9835720
9848732
9855470
9878958
9902696
9908680
9939064
9949420
9980370
9992670
9999960
10017882
10034314
10070536
10084680
10149340
10156036
10210654
10217836
10259294
10271908
10278624
10296400
10320576
10327420
10340326
10346562
10365300
10407214
10419348
10426992
10446014
10461832
10469650
10482562
10499244
10507052
10533404
10568872
10594180
10635460
10641490
10656494
10666628
10685842
10693400
10700280
10729056
10755266
10762368
10780672
10800192
10817650
10825102
10830656
10844400
10873760
10899630
10944168
10961750
11018676
11025984
11034160
11077688
11082814
11090320
11097696
11127312
11147050
11172532
11180632
11205040
11236480
11244418
11300390
11319428
11365452
11381712
11390680
11402864
11419154
11447532
11455682
11473188
11500516
11513216
11526122
11532032
11578850
11586052
11621856
11630262
11657532
11669844
11677228
11690630
11723726
11762356
11781918
11799926
11819886
11892294
11903986
11924666
11940402
11950800
11958780
11971028
12005406
12016068
12024318
12051036
12064736
12123132
12130426
12150576
12170024
12203544
12217434
12236636
12252020
12272002
12324360
12370264
12389798
12397400
12416442
12424632
12451170
12457696
12473756
12520340
12526332
12533994
12561646
12600586
12621408
12629688
12647194
12655342
12661998
12708164
12744024
12803862
12813792
12832512
12845544
12854576
12882296
12892952
12915118
12941494
12969542
12983046
12990076
13011396
13057678
13065670
13101236
13136418
13156882
13170676
13198154
13226390
13257530
13274736
13280078
13329214
13338488
13365194
13377588
13386022
13399358
13413956
13447222
13469320
13517900
13527050
13589044
13607780
13625168
13632812
13678530
13688338
13716206
13770956
13821768
13830298
13849080
13870478
13879298
13912576
13921054
13950884
13978924
14056594
14064772
14072282
14086650
14115474
14128962
14143950
14166030
14177576
14187634
14195882
14208448
14267162
14272908
14322572
14342520
14360818
14373786
14409504
14416462
14434030
14445532
14454304
14482876
14497242
14519890
14529268
14548818
14563532
14612814
14622412
14685364
14695852
14703898
14716318
14769388
14777444
14833040
14842752
14854646
14862722
14871978
14885192
14946304
14959188
14980584
14988970
14997080
15077772
15093226
15116620
15151714
15182560
15191728
15213314
15221486
15241302
15254458
15277322
15287634
15308292
15340104
15393468
15406074
15443268
15449850
15518354
15526226
15534480
15565574
15585244
15609234
15618158
15640490
15671072
15677700
15715286
15728910
15768242
15783664
15804024
15814114
15827148
15845874
15867140
15882288
15904552
15934162
15943822
15958162
15973082
16009978
16032580
16049626
16066646
16095916
16119230
16127642
16142460
16186374
16195502
16211298
16227754
16243376
16274290
16318128
16340924
16358702
16382490
16405084
16449232
16460030
16495230
16512322
16557746
16582180
16606034
16627622
16659798
16668348
16684792
16715796
16748876
16838006
16848498
16864420
16884048
16894198
16908798
16917412
16929038
16973862
17005226
17020264
17044038
17059466
17075472
17085976
17131032
17140114
17147580
17156268
17218960
17226428
17241870
17258214
17298964
17377824
17391788
17401060
17416560
17449524
17463490
17518206
17528672
17552742
17563388
17584918
17600178
17617676
17625114
17704886
17713700
17737124
17769534
17793490
17817048
17841330
17907588
17922032
17954040
17964432
17999932
18011726
18027018
18036468
18107124
18149404
18189422
18199460
18230020
18246444
18255916
18312710
18337000
18352760
18370594
18387918
18409974
18435456
18468706
18510690
18534512
18574470
18618366
18656118
18681994
18722882
18739282
18782448
18796774
18822892
18840312
18881354
18938624
18963126
18973350
18987004
18997294
19007098
19013930
19049206
19059268
19081786
19090936
19105770
19164590
19180402
19189576
19200350
19250238
19272226
19296934
19323232
19379616
19389766
19416930
19465228
19507140
19515340
19524610
19534576
19582930
19592872
19601354
19620422
19645684
19670390
19679786
19763664
19769716
19854874
19864208
19887488
19897770
19949134
19960226
20009906
20025888
20069298
20094072
20103462
20111970
20170504
20276090
20291626
20302570
20317118
20362754
20369642
20428938
20454122
20500718
20560900
20575320
20585970
20674292
20706888
20733996
20784558
20795280
20803998
20846226
20861300
20924572
20976072
20986140
21020460
21038010
21049620
21073120
21083356
21108910
21126534
21151502
21161918
21198326
21249524
21275018
21319386
21364580
21408636
21416668
21435198
21452006
21462716
21477524
21489716
21499430
21577870
21587854
21665776
21680822
21690874
21703978
21719080
21762918
21771206
21806396
21853290
21896648
21940342
21949766
21970224
21995578
22011082
22022422
22041104
22059012
22076602
22102692
22115530
22138848
22149814
22192026
22240578
22265382
22283222
22295288
22328538
22355448
22399250
22409942
22436436
22462790
22472784
22492744
22572638
22590518
22617824
22643470
22654940
22672836
22709724
22756720
22847558
22853324
22902202
22966572
22991904
23028044
23035968
23057134
23083916
23111774
23129732
23175366
23201676
23222164
23232430
23257718
23295974
23332620
23376668
23397828
23413638
23467238
23495820
23518980
23545116
23597858
23611076
23627736
23638942
23656926
23681488
23692744
23719286
23746612
23767680
23787518
23812734
23824608
23879944
23907602
23918866
23956314
23964564
23983888
24011294
24040656
24076374
24121632
24159310
24172288
24199204
24225818
24243140
24266324
24329584
24338672
24387382
24431974
24480730
24508492
24538066
24565278
24604958
24616172
24671296
24688342
24725424
24756172
24793080
24804042
24811150
24821614
24859930
24877956
24889970
24916472
24929390
25067580
25079078
25090058
25099592
25110290
25135774
25174360
25193180
25213524
25260150
25271672
25290820
25310210
25328738
25357088
25380234
25491156
25547428
25559812
25578446
25589054
25626958
25645834
25667646
25686624
25698766
25744700
25811794
25850732
25861864
25919906
25948958
25967068
26054438
26128666
26142886
26153596
26160846
26172018
26184666
26231378
26243316
26258580
26282030
26310036
26358460
26394996
26406848
26543620
26553058
26564206
26576102
26651574
26672886
26691930
26703840
26758982
26772450
26819392
26841768
26931002
26986364
27039652
27057808
27087294
27128600
27139562
27159794
27199742
27297878
27315802
27327534
27347108
27369512
27413944
27427646
27438626
27514084
27528656
27547644
27571492
27657042
27686844
27747146
27769394
27797474
27818776
27841132
27938990
27949608
27991422
28029750
28042062
28090670
28103000
28120600
28134644
28174768
28233050
28244654
28264172
28277594
28365216
28405796
28426730
28467292
28480550
28558558
28641906
28682004
28702204
28715194
28754742
28845592
28876442
28889112
28906974
28949996
28961282
29019810
29040296
29052082
29070184
29094890
29165600
29214502
29226970
29247148
29268988
29332530
29358914
29380292
29392280
29404280
29436160
29451658
29476626
29557788
29610084
29629570
29658496
29693960
29716766
29765120
29835030
29868906
29924060
29941552
29954182
29994818
30006256
30017752
30089142
30121136
30181944
30300358
30312450
30331426
30392754
30406746
30424726
30448594
30479626
30511716
30539746
30604702
30626624
30635638
30648274
30659954
30690640
30742894
30754508
30797046
30837282
30860762
30919630
30933824
30956244
30978042
30997738
31011068
31028642
31069502
31104012
31177030
31220580
31281896
31296820
31316006
31328914
31379342
31391924
31424470
31479746
31490216
31595118
31606944
31638894
31682072
31694714
31775772
31803320
31852874
31883592
31916270
31928642
31974194
32049534
32067818
32080872
32133370
32210488
32242732
32254630
32298762
32341936
32406612
32439470
32481914
32504194
32517352
32549128
32561338
32579072
32613818
32676636
32688834
32731716
32754396
32767896
32787006
32799002
32885160
32983260
32995542
33007156
33019316
33049478
33063506
33114694
33160396
33190952
33268120
33281440
33301990
33317996
33330088
33359608
33380608
33457292
33504240
33536184
33566990
33613030
33635182
33657776
33680396
33694436
33755682
33768318
33779400
33822528
33890054
33902294
33947026
33967182
33980916
33994044
34048160
34093268
34137140
34189410
34204692
34234440
34302196
34316622
34360768
34412290
34437102
34461408
34475546
34504416
34526666
34540538
34617796
34660332
34696238
34748962
34763418
34776648
34831674
34845318
34891150
35000866
35009712
35038312
35122692
35203958
35294406
35329284
35365242
35408446
35442410
35487770
35508740
35557170
35602446
35625926
35655490
35718342
35770042
35797230
35806102
35833904
35964890
36048140
36079326
36194482
36241480
36254120
36264732
36277350
36379388
36424692
36486444
36505430
36587780
36622828
36638848
36705192
36726016
36785926
36852262
36865902
36886678
36900766
36923540
37052852
37120002
37134662
37190270
37215296
37284750
37297860
37385702
37401608
37414420
37434878
37482600
37505568
37552132
37586498
37621934
37647806
37702732
37752428
37788032
37823238
37880496
38034062
38056952
38071724
38091762
38107488
38151906
38206606
38223434
38236952
38246502
38259458
38275290
38305364
38328338
38366130
38392216
38411720
38426550
38449566
38472574
38495548
38543136
38565522
38662120
38695882
38708912
38746376
38770202
38815944
38838678
38864926
38920554
38949104
38971374
39176764
39255958
39280894
39316254
39330408
39362950
39401446
39436458
39484492
39529792
39542968
39568946
39583476
39637696
39702924
39740292
39786104
39806068
39895212
39908442
39946312
39979068
40003312
40084736
40100018
40185718
40207232
40244342
40281428
40326804
40377960
40391274
40428842
40452604
40498502
40513118
40523982
40584872
40622706
40636288
40658716
40727798
40744264
40794310
40829816
40899222
40950410
40975600
41000244
41011408
41037774
41059566
41122690
41134128
41147940
41198970
41244086
41257966
41283866
41355984
41427864
41479700
41493212
41551752
41602944
41638016
41711436
41746592
41857910
41868714
41900786
41934598
41957820
41984384
41996060
42010370
42045590
42131178
42144866
42169508
42203654
42219980
42307364
42346744
42360374
42490044
42503698
42522080
42614862
42628538
42679208
42730148
42768046
42789962
42805072
42854094
42980070
43006316
43057148
43116602
43167932
43183196
43269960
43345452
43393866
43455600
43491044
43504862
43556816
43605494
43618112
43633676
43649692
43668714
43721328
43735188
43796774
43872282
43886562
44049802
44086984
44151384
44178466
44214468
44251636
44265730
44284412
44355422
44390316
44428490
44468524
44519106
44534592
44608246
44622796
44697482
44736016
44750500
44764196
44778494
44791164
44829794
44943140
44959016
44978420
45071636
45123448
45146770
45212380
45285356
45303606
45325570
45364098
45391984
45419712
45455034
45495432
45510350
45524486
45599888
45636856
45662746
45750172
45842424
45879616
45909648
46036486
46046042
46061600
46079574
46154326
46178528
46304850
46320132
46336532
46374206
46399014
46414286
46441528
46489122
46558340
46697960
46768142
46789800
46806058
46820422
46843420
46860938
46919606
46938142
46952944
46974848
47090082
47104456
47122890
47143554
47182378
47223904
47239348
47274436
47290276
47328934
47343346
47355546
47485464
47500712
47555752
47607874
47644060
47726450
47778666
47837510
47881372
47895866
47947912
47973004
48015100
48045000
48106176
48158538
48174904
48238926
48253574
48330424
48347656
48387002
48424648
48439958
48482872
48517930
48574386
48653248
48731036
48768232
48800738
48878832
48943490
49010412
49037088
49067322
49107552
49171126
49185912
49211860
49226554
49282584
49331344
49346482
49375706
49402084
49455986
49471790
49535164
49551994
49603846
49627794
49645786
49705466
49737474
49749710
49764488
49817712
49896798
49914670
50073134
50154470
50205972
50262584
50277688
50290556
50305658
50321492
50362842
50414960
50428366
50590632
50615920
50694234
50709178
50765454
50807656
50832344
50885708
50998564
51038648
51066310
51093298
51162230
51213648
51228642
51314976
51355076
51450074
51490678
51506692
51530464
51607960
51628294
51644386
51820190
51845004
51862248
51925170
51941928
51959318
51998304
52079740
52119874
52176908
52203224
52219010
52259752
52296852
52314740
52345122
52397988
52414680
52457406
52535028
52575984
52607590
52617800
52715542
52733036
52758872
52926384
52950478
52967290
53006944
53036224
53145222
53175296
53246900
53313210
53342502
53428850
53444420
53483318
53582640
53622834
53661446
53690078
53708426
53729272
53745100
53787840
53804736
53858980
53871758
53888336
53906922
53944396
53986816
54016050
54070096
54153686
54228252
54285114
54352374
54391840
54423904
54491866
54532774
54550038
54565512
54589504
54676534
54789152
54873536
54914814
54971520
54987060
55002540
55072070
55114398
55145364
55175296
55201934
55284138
55342114
55359724
55483864
55567756
55641906
55707074
55768136
55838982
55951976
56011660
56109406
56139582
56155276
56196944
56237244
56256090
56273892
56286812
56354256
56414388
56439066
56457320
56487280
56556644
56567450
56583958
56604430
56743752
56768764
56786146
56815174
56856514
56873578
57018100
57117624
57133458
57148416
57175640
57221496
57246914
57279038
57348444
57408980
57465214
57491568
57533318
57552468
57568380
57679584
57737916
57758236
57783624
57823942
57855542
57885548
57925368
57942910
57972982
58031776
58161518
58235616
58260710
58280694
58335546
58382370
58409020
58465476
58482864
58512056
58584110
58611930
58672958
58719708
58745396
58778442
58817658
58846834
58876120
58890306
58907694
58926190
58967054
59026398
59042118
59114322
59199374
59245212
59263632
59332088
59364478
59467562
59491798
59536946
59580876
59600934
59747274
59920984
59977038
60024812
60127554
60187020
60203280
60233638
60296016
60366296
60396300
60425806
60444466
60528814
60549716
60678686
60700178
60739096
60824370
60868636
60917092
60960992
60994512
61064574
61082324
61186482
61290446
61377888
61442038
61488220
61620008
61681986
61708818
61743084
61785500
61812830
61875358
61997182
62067134
62145530
62160312
62238704
62296254
62327728
62371896
62432884
62539860
62564842
62583876
62627638
62712870
62779650
62867810
62910938
62927552
62947434
63054732
63101844
63172712
63189602
63217580
63234638
63276500
63402502
63492522
63510450
63524954
63626532
63707996
63777644
63824930
63902912
63932788
63952784
63980526
64085972
64118144
64167014
64194696
64213162
64271824
64302780
64453322
64500020
64544504
64580836
64593342
64625462
64673310
64871912
64888782
64900308
64917840
64977050
65065332
65086256
65113188
65160572
65206054
65242950
65332176
65424130
65444260
65500654
65581372
65621058
65656966
65673334
65706200
65734408
65753110
66014552
66088474
66108174
66211938
66288358
66306880
66326500
66353176
66413974
66431576
66465008
66526952
66587344
66621150
66636692
66709846
66759148
66791836
66822162
66902598
66949332
67021604
67106436
67151888
67181426
67241648
67263822
67310544
67419944
67444392
67463472
67559492
67664452
67697920
67715176
67805042
67844702
67918642
68000776
68045740
68077516
68139802
68157094
68184874
68207372
68251074
68342382
68409122
68484982
68503564
68524138
68594526
68611754
68661902
68725166
68790158
68948840
69024008
69069366
69091216
69109136
69135718
69249596
69314376
69361620
69408122
69436382
69477952
69504292
69580684
69613522
69709720
69758636
69819828
69840078
69884548
69902062
69917756
70065100
70079882
70139448
70187992
70209242
70302022
70345254
70395454
70476910
70554218
70591182
70619080
70669102
70717174
70757216
70799354
70828310
70897628
70941494
71053692
71104500
71152248
71170940
71235076
71375162
71471286
71492282
71560700
71655936
71683396
71844762
71881670
71926698
71959232
72070468
72135530
72153320
72170670
72204226
72234036
72253696
72300226
72319450
72333554
72366680
72400736
72420986
72448140
72563734
72655850
72696196
72792026
72855666
72902622
72968452
73001422
73045810
73114830
73133772
73210038
73230774
73277308
73295344
73344272
73443840
73474168
73584318
73605956
73623932
73653034
73771128
73799086
73840154
73934898
73964314
74049080
74117742
74192782
74213442
74246868
74279860
74295488
74379762
74446376
74462618
74480726
74573180
74659132
74859026
74922058
74953806
75038196
75185728
75205736
75271268
75304924
75368458
75402386
75422594
75440784
75517798
75686054
75732598
75869740
75896410
76061334
76113960
76132248
76230272
76251670
76282706
76347760
76400336
76516158
76536342
76569408
76685690
76783732
76802620
76850670
76871298
76921092
77086504
77104894
77256414
77287696
77370878
77452508
77492220
77607006
77686250
77707220
77739612
77759508
77940478
77956954
77975980
77997674
78030818
78051368
78111992
78128060
78165068
78198010
78268856
78287432
78313902
78335292
78366286
78414396
78454786
78467932
78585666
78607272
78790500
78844806
78894714
78975478
78995116
79108112
79126742
79143264
79179444
79233752
79261490
79354280
79430380
79452062
79554328
79601732
79627158
79742812
79776368
79838648
79912784
79945050
79995634
80015740
80062902
80083524
80155230
80304178
80378248
80472824
80493806
80599154
80653344
80698500
80752396
81020856
81039714
81061632
81092818
81148558
81194300
81214544
81266020
81437680
81459550
81659084
81699128
81752414
81782294
81803136
81905966
81926318
81957704
82006266
82098600
82181968
82272570
82301664
82388494
82404018
82527438
82547270
82579244
82599152
82649814
82717176
82736228
82773046
82842352
82871292
82914974
82930226
82995904
83017036
83047830
83072308
83137206
83170596
83220178
83244326
83264028
83296188
83396678
83449352
83489974
83541836
83608126
83643830
83762828
83782012
83820430
83891048
83992682
84012458
84096928
84138604
84152950
84271036
84315472
84393888
84443492
84467702
84515504
84642650
84692678
84764570
84796736
84835288
84922272
84995018
85096936
85273398
85323958
85346374
85367116
85382906
85416882
85570882
85594496
85679512
85822006
85948934
85979356
86000726
86034138
86086728
86130100
86210602
86250686
86287964
86354516
86407544
86441358
86460838
86537230
86587816
86658246
86712900
86814886
86918908
86970808
87016522
87068284
87149594
87193926
87223580
87278326
87372952
87495160
87512918
87532946
87581166
87603846
87655868
87728894
87760850
87812350
87856312
87908362
88033268
88087270
88192972
88354572
88375966
88407516
88582600
88604488
88627164
88676624
88710846
88787984
88858434
88964370
88983114
89042474
89164792
89197244
89219522
89295380
89486636
89533050
89632152
89710180
89738692
89760772
89919072
90012932
90101462
90196058
90212022
90305342
90378972
90393622
90431690
90468750
90490758
90697154
90723962
90756716
90884986
90956836
91101052
91140744
91267974
91288386
91375334
91483208
91561830
91632942
91741262
91763928
91795060
91839406
91867790
91890894
91926896
92020140
92035692
92055786
92184918
92236452
92309676
92348204
92400336
92441354
92494692
92569236
92679244
92748772
92787754
92843820
92866026
92991888
93076302
93119730
93154028
93177290
93289498
93321976
93451530
93576548
93598842
93674578
93820164
93840622
93949966
94060798
94081114
94208140
94230712
94246264
94321864
94374428
94449792
94507338
94603560
94617388
94638706
94747760
94844492
95083318
95119862
95158518
95197462
95269210
95324110
95362394
95436578
95489290
95532652
95550286
95590198
95673958
95862586
95908272
95963938
96019302
96149210
96181394
96239730
96314670
96368068
96390716
96446570
96467150
96504906
96562426
96586240
96635526
96712608
96822632
96955382
96988812
97016220
97065564
97199930
97236598
97279900
97466308
97499634
97590668
97628922
97710136
97783528
97822812
97876034
97900202
97955256
98140548
98163894
98255952
98308746
98335744
98357616
98390250
98498636
98524528
98545318
98577742
98603278
98764510
98790572
98842930
98881374
98939094
98961702
98984974
99014236
99071978
99093408
99131060
99318974
99396176
99419432
99451698
99496682
99513392
99640390
99775964
99830366
99858056
99879080
99893616
100346700
100403592
100424734
100485350
100617964
100639876
100657336
100756402
100808348
100830890
100847696
100978938
101025598
101077636
101196912
101225956
101364806
101465280
101497442
101557722
101599572
101616754
101750652
101831226
101960364
101982166
102002924
102024092
102101396
102159142
102273846
102297168
102429902
102468692
102579242
102770356
102791596
102851454
102948314
103013944
103064810
103165180
103486168
103534110
103592710
103651582
103711506
103786432
103824168
103934060
103956104
104094576
104129136
104151402
104179812
104210360
104272560
104312602
104350066
104406880
104528332
104550050
104681626
104704048
104796266
104900358
104953992
104995228
105019354
105095848
105153066
105288916
105303904
105405494
105443392
105468258
105695452
105718534
105744452
105774280
105857176
105878726
105898244
105999164
106073748
106110598
106132756
106173270
106197768
106228734
106252982
106390318
106449480
106471524
106528722
106569274
106647338
106668968
106817290
106899296
106979066
107018906
107060772
107077474
107235216
107256908
107276682
107433978
107455848
107496208
107517020
107557722
107614108
107712774
107755210
107779132
107836180
107913764
108004044
108054300
108263252
108311808
108403262
108448602
108467526
108491604
108685354
108823340
108883226
108906904
108947200
109001140
109025448
109049850
109226366
109248830
109282736
109307158
109482656
109602150
109739014
109763156
109803716
109903668
109939454
109963754
110065470
110140398
110165880
110244176
110265278
110306426
110346288
110446072
110508822
110549234
110601562
110686620
110710980
110828622
110851710
110912632
110967970
111064354
111113282
111147196
111343218
111368688
111430676
111551482
111577174
111631344
111694974
111717024
111777572
111861564
112013548
112276500
112299420
112380480
112445460
112480700
112557216
112582546
112660020
112675606
112699450
112727594
112764204
112888956
112991344
113072116
113110766
113133330
113228260
113430504
113456908
113516132
113574978
113633656
113685804
113745016
113864062
113922140
113950152
114045966
114151116
114186012
114248154
114269818
114308784
114331212
114395030
114420950
114492854
114514576
114537874
114560766
114601186
114656770
114684662
114726062
114944666
115113082
115177198
115233618
115352716
115416198
115440948
115481328
115537206
115561470
115588630
115702316
115746900
115825314
115851732
115953146
115975702
116113624
116156410
116201638
116262716
116380878
116403522
116533532
116616178
116673490
116713418
116739702
116879752
116921634
117126324
117269850
117351118
117373822
117420652
117540030
117567286
117997558
118013156
118036052
118121704
118162978
118216618
118239392
118331782
118410736
118597252
118620064
118642166
118745352
118891226
118928008
118953148
118985710
119038226
119101200
119197944
119226936
119249806
119307818
119348586
119407962
119468592
119581926
119643294
119681174
119704150
119789350
119937034
120059238
120125350
120184040
120311504
120391686
120416988
120503332
120520154
120603612
120629312
120692306
120715330
120751180
120871288
120921802
120961842
121196862
121233570
121258944
121338268
121359986
121411246
121530500
121651996
121679446
121779710
121825230
121865192
121926934
121977322
122037798
122165752
122219828
122289906
122350304
122410984
122434162
122465936
122586484
122771430
122859012
123004670
123027900
123049506
123073794
123218506
123261998
123304444
123407942
123514730
123561216
123705216
123769310
123858906
123882216
124005402
124299866
124320472
124494180
124518144
124559202
124619942
124705760
124729154
124772458
124840116
124897368
124923910
124965374
125048434
125134414
125193998
125223398
125267430
125349772
125565898
125708714
125754228
125924692
125965570
126036500
126115738
126142954
126207220
126359470
126395098
126440026
126459804
126549626
126657434
126723808
126852154
126941126
127000030
127042240
127126404
127157454
127256058
127320500
127345868
127429380
127647202
127750726
127775514
127865158
127901336
127929426
127955022
127973254
128018288
128206706
128233510
128356522
128380258
128399838
128453840
128553682
128946638
128987246
129356028
129382254
129484736
129532364
129575738
129662800
129850982
129881070
129906504
129944166
130097390
130138942
130163980
130251160
130337422
130378438
130440590
130572566
130596944
130689750
130770830
130839026
130970294
131058248
131100708
131164354
131214268
131278560
131318066
131376460
131407814
131431826
131449946
131604818
131775562
131822156
131866964
131938386
132039918
132107628
132132600
132280492
132323560
132445086
132501938
132695056
132726614
132853426
132919162
133007402
133096012
133166826
133257216
133292868
133359964
133475330
133511616
133580918
133625118
133669972
133822988
133847234
133919494
134072990
134138258
134181070
134513378
134641338
134685570
134746804
134771128
134801768
134843586
134957192
134976968
135177032
135199926
135224294
135311478
135374324
135444226
135469076
135535622
135624018
135646272
135731146
135793728
135951412
136016804
136067666
136137394
136270720
136308208
136362082
136423032
136467404
136553892
136583496
136650380
136780688
136845658
136933900
136981818
137068032
137095020
137134674
137165172
137191596
137294692
137387524
137478176
137580150
137652868
137766174
137809702
137869904
137966558
137993858
138077820
138120930
138149712
138186280
138213370
138304148
138328198
138525510
138571216
138701204
138757454
138822468
138865066
138892230
139018940
139089006
139152822
139182622
139383214
139451078
139604590
139653924
139768574
139927824
140018068
140084034
140152242
140216660
140244260
140354804
140399518
140564848
140631332
140788348
140805152
141026970
141051846
141085870
141151034
141260598
141287352
141419778
141444860
141470750
141513974
141576864
141715294
141810258
141924276
142058698
142100884
142215472
142376550
142416980
142450520
142511868
142555714
142586276
142624012
142714908
142787836
142853330
142880222
142968082
143009228
143036446
143062018
143110622
143172342
143201388
143313632
143401702
143519934
143588912
143635008
143696552
143750834
143954354
143979518
144019040
144158656
144385352
144644000
144669194
144774026
144870224
144896068
145035560
145145612
145191648
145263932
145332186
145395888
145471912
145530390
145604880
145953932
145999692
146045372
146066118
146227384
146253206
146278542
146303010
146416124
146623270
146691100
146743384
146856426
146974844
147204730
147248972
147477996
147510460
147614928
147684286
147737988
147777880
147854860
147879452
148012150
148105752
148151328
148176822
148339866
148434914
148509860
148546062
148639276
148668898
148773454
148806654
148850778
148876338
148908906
149044088
149201068
149248944
149372056
149671794
149780614
149806390
149832218
149884636
149912856
150208602
150536732
150644904
150676024
150719174
150744894
150934854
151004952
151044184
151074154
151213498
151284086
151375722
151401494
151515542
151543908
151581432
151710316
151758014
151823652
151851026
151876842
151949240
151994928
152059100
152131322
152157158
152297310
152414792
152485666
152581556
152721426
152818302
152868136
152960120
153026162
153072932
153126952
153263974
153362722
153470054
153504870
153531840
153598474
153763084
153806518
153903126
153948650
154072678
154278550
154308760
154449328
154475410
154498328
154760852
154825978
154892050
154951688
154972298
155021658
155067178
155188478
155232228
155368686
155401614
155428056
155564462
155642264
155704414
155780988
155852544
155921626
155949670
155979766
156017236
156046108
156117606
156452606
156525294
156620502
156643262
156691324
156838480
156865030
156971116
157040756
157073294
157100378
157176954
157286382
157380976
157451722
157620316
157654434
157724560
157790650
158100550
158124142
158170890
158199888
158274666
158440524
158512850
158609960
158653560
158756864
158966068
159058766
159092612
159160182
159372430
159446768
159473910
159549476
159736360
159786144
159859706
159923836
159982128
160100026
160205206
160264506
160342000
160442592
160510070
160683826
160726756
160753312
160823904
160853248
160899594
160970216
161028718
161068850
161139370
161192136
161220070
161338806
161554052
161623764
161750704
161897188
161967302
161997962
162044454
162204662
162238210
162383822
162422874
162449568
162648988
162841258
162894742
162943786
163040018
163136324
163160404
163189012
163356016
163384744
163454906
163503094
163575422
163669290
163700234
163872874
164015342
164060970
164092898
164194760
164376984
164437814
164476808
164917872
164997710
165041478
165071174
165283546
165583296
165603162
165630126
165666214
165875306
165973678
166075884
166098906
166154746
166194424
166273810
166373196
166444004
166475318
166571096
166691770
166841200
166887734
166968684
167010984
167108280
167256318
167336078
167364236
167801072
167822774
167853104
167923676
168167828
168271102
168345888
168373554
168455184
168570346
168698868
168798112
168839192
168869348
168915512
169019728
169062210
169090386
169123966
169236922
169339216
169373086
169487516
169544454
169738916
169789400
169838662
169912742
170010024
170113874
170288526
170443316
170482578
170536900
170661842
170727512
170761954
170808378
170982498
171017770
171283762
171307198
171431918
171510454
171537884
171587420
171687628
171808664
171836118
171863900
171915736
172010662
172040200
172115320
172193172
172231760
172268742
172296246
172368424
172481814
172538952
172585024
172690918
172836408
173113614
173188430
173265596
173317248
173515352
173567502
173595098
173667552
173768442
173799102
174047344
174126340
174241072
174347538
174449310
174569838
174626486
174669158
174699670
174851680
174883732
174926644
175177394
175304358
175328682
175385888
175433968
175465210
175502484
175534400
175589194
175712382
175758120
175794510
175863828
175941256
176046320
176094850
176367868
176444524
176525212
176699324
176730332
176804302
176856496
177056354
177135632
177162012
177412250
177460562
177491612
177594134
177715386
177787332
177853060
177871210
177928120
177998894
178119788
178254168
178301286
178353098
178378650
178408944
178480978
178583166
178611156
178740126
178863546
178890762
178919164
178947152
179126852
179278858
179356378
179384434
179455248
179505104
179612132
179867308
179936204
180094056
180193980
180270214
180302026
180347292
180402324
180430120
180527684
180631230
180659892
180687890
180789388
180940276
181147182
181175856
181251666
181299392
181374926
181510672
181588288
181639360
181735264
181813052
181945356
181996648
182094216
182145124
182204486
182229468
182258916
182459406
182483806
182538372
182613022
182656132
182693056
182723422
182746016
182796940
182925146
182960804
183027584
183110516
183320988
183514548
183619794
183652284
183700252
183801652
183985630
184244336
184273514
184323864
184470398
184555406
184608112
184658640
184730574
184765858
184795640
184840424
184921726
184994876
185071588
185136822
185213096
185329334
185394686
185513846
185570118
185594542
185803260
185883536
185955736
185989360
186088880
186142826
186170352
186476642
186509942
186693132
186742692
186813074
186875456
186961288
187026936
187077438
187184290
187264220
187392328
187479826
187523252
187684200
187782446
187815896
187920650
187944324
188186560
188263506
188387586
188518234
188680108
188753730
188909192
189015932
189120010
189172864
189315492
189438244
189655512
189727106
189840748
189922254
190094672
190151366
190183742
190259016
190784588
190831260
190860198
190892844
190968794
191096336
191229732
191313038
191367212
191576578
191626092
191734050
191892896
192103778
192133400
192391056
192412462
192441568
192551374
192600646
192680440
192710320
192746416
192872174
192928570
193050754
193082884
193167000
193247224
193429032
193620608
193667148
193696594
193990206
194037092
194186568
194225596
194254786
194276392
194306100
194342716
194414624
194872842
194998184
195182054
195217304
195399412
195589476
195670882
195748744
195829704
195859906
195906730
195940446
196061786
196095080
196143544
196329582
196365010
196411776
196441140
196551032
196658156
196707364
196819860
196949340
196980148
197087512
197163596
197248382
197277320
197330478
197362848
197597794
197704628
197782686
197859424
197977520
198007370
198029772
198161192
198395320
198476440
198533566
198557316
198590064
198625012
198668438
198701198
198806754
199316934
199372918
199505008
199589120
199619870
199663794
199906738
200204798
200238786
200508436
200586802
200637360
200666528
200723890
200826790
200938526
200968226
200996402
201054034
201107310
201238786
201374090
201449034
201717514
201755378
201785744
201862568
201941564
201996082
202028252
202074128
202321094
202344858
202448432
202481292
202563434
202729930
202833192
202950584
203111334
203144586
203169658
203272320
203349240
203460028
203546450
203733116
203771934
203848488
203976286
204087204
204173806
204227218
204361424
204444628
204530678
204633796
204777456
204831402
204861644
204944468
205051398
205075740
205262466
205327746
205685044
205763996
205891594
205960040
206273476
206306820
206360098
206390324
206443766
206473860
206661442
206823644
206856824
206944086
206998646
207327562
207451350
207568800
207607318
207764124
207837326
207875682
208008294
208087958
208121468
208204296
208284272
208313008
208344670
208511112
208646864
208757486
208899250
208979402
209110116
209178084
209224842
209611122
209693360
209745364
209812848
209998930
210090738
210166110
210273034
210300590
210408824
210579864
210610892
210692734
210837776
210999502
211082530
211245924
211322230
211389614
211411610
211553864
211606188
211686562
211962624
212101036
212157972
212222274
212251156
212354566
212710700
212747436
212780178
212804480
212866052
212952112
213058788
213139490
213197434
213355778
213427730
213895034
213948178
213981146
214028428
214142938
214229164
214308104
214623762
214670338
214872434
214906244
214983290
215099534
215259442
215290926
215344524
215380938
215659226
215739854
215792230
215851722
216017128
216107934
216139164
216168186
216267166
216466756
216551876
216630092
216867908
216949632
216980544
217028206
217228424
217279962
217311806
217477806
217564984
217672868
217706978
217991906
218158624
218272684
218522850
218557194
218607524
218640710
218691740
218842682
218886962
219004274
219088540
219165448
219205454
219326920
219564788
219651504
219737754
219795542
219932780
219966954
220054458
220221596
220362250
220421528
220454850
220511514
220651462
220785678
220819942
220869148
220908302
221021076
221217982
221239548
221437572
221479326
221529094
221635794
221670100
222004516
222036638
222096046
222128176
222210432
222246606
222441406
222533410
222578798
222666670
222786618
222900288
223062956
223219356
223433884
223781352
223805212
224010944
224240564
224317522
224378438
224412296
224668250
224726666
224898188
224975278
225012472
225065278
225143092
225210114
225234384
225265820
225384404
225633484
225807182
225957330
226102514
226248054
226413696
226501762
226582060
226647524
226676052
226738066
226793658
226870278
227073758
227196226
227227802
227312200
227481442
227532480
227565548
227738026
227819518
227853400
227972574
228057888
228226082
228549546
228596820
228637240
228697210
228755334
228838810
228887288
228955076
229040176
229244082
229298698
229418906
229507096
229581114
229672810
229818512
229877152
229961124
230105460
230135626
230168932
230366830
230543712
230578932
230660202
230694474
230720374
230917906
230959202
230991392
231290068
231321922
231443224
231497352
231586804
231618868
231705034
231875036
231945106
232082062
232198990
232319282
232522744
232609350
232659402
232811294
232868704
232955380
232992078
233105760
233161712
233241324
233282552
233619982
233692240
233743864
233952464
234183384
234247750
234359714
234533786
234623032
234658352
234737474
234999252
235071606
235207722
235291686
235356962
235377702
235619050
235787628
235878918
235998372
236114106
236200602
236375516
236494956
236528868
236758040
236794084
236910612
237085372
237206222
