0
2
4
8
16
24
34
46
62
96
118
154
184
214
242
308
372
416
484
542
590
672
736
838
992
1070
1140
1194
1266
1362
1696
1798
1944
2038
2284
2394
2586
2788
2872
3112
3302
3434
3772
3900
4012
4150
4642
5146
5284
5440
5592
5886
6062
6492
6770
7106
7438
7636
7904
8130
8320
8848
9676
9950
10166
10314
11282
11672
12280
12516
12804
13164
13840
14324
14786
15086
15454
16194
16452
17168
17942
18266
18954
19242
19760
20102
20640
21370
21714
22056
22306
23438
24254
24660
25486
25870
26474
27746
28100
29936
30604
31580
32314
32908
33334
34058
35060
35896
36534
36974
37664
38444
38834
39248
40728
41844
42274
42704
43516
44314
44814
46300
46688
47618
48910
50124
51328
52592
53856
54930
55706
56280
57618
58554
59088
60314
60974
63176
64568
66464
67058
68574
69124
69594
70158
71658
74198
74702
75320
75896
78332
79038
79668
80192
83758
84528
86038
87788
89282
90082
91144
92536
95274
95996
96990
98350
100160
101380
103628
104472
105510
106274
108040
108736
110026
111788
112598
114504
115218
116542
120176
120982
121786
122368
123874
125098
126970
128672
129834
134774
135542
137632
139734
141868
143054
144822
146860
149764
150446
152164
153440
154350
155762
158784
161090
165596
166454
167304
168742
169696
171062
172166
173108
173786
176746
177746
179164
188222
189718
191770
194086
198938
201610
205848
206630
207674
208850
210294
212832
213794
214806
216624
220102
222720
223770
224610
225618
226614
228396
232020
235666
238496
242274
243746
244850
246752
249646
250964
253444
254690
259166
260350
262124
263204
264636
266102
267290
269174
272234
279058
281120
282210
283326
291352
292452
293586
296598
300852
302094
304864
308304
310194
312650
314436
320644
323242
324080
325276
329824
333294
337636
340866
346162
351792
354030
355384
356680
357828
359082
362046
366972
369254
371642
378554
379958
385590
387060
395062
397576
401068
403724
404592
405942
407656
411158
413298
416940
418344
421848
428344
432188
434272
439530
440920
442182
443598
447076
452200
453672
459870
461440
463796
465340
466906
470610
474826
482342
493004
494108
497394
501246
507506
509000
510906
514802
521288
522908
524668
528368
531130
534270
535678
540800
542630
552452
555170
556934
559222
560992
563944
571222
573652
575584
577174
579442
581418
584276
589984
592612
596330
602950
604906
607690
613376
617960
621276
622480
636318
645472
649978
654556
656210
659454
661364
663996
674966
681270
682998
690452
694826
697174
703890
710946
715660
717434
719794
724332
727392
730854
732516
734436
736296
738854
744056
745846
747662
750652
755704
757858
762340
767316
769284
777078
782354
789190
791260
794004
796306
798176
806630
815078
816498
820752
825276
828794
831170
840518
846184
851278
855414
858234
863698
869294
876224
885258
887046
890816
894406
896656
912438
914638
919844
925178
927362
936014
938666
943680
951136
954768
962102
964644
967858
981198
986422
988774
998252
1015238
1017158
1019366
1027198
1030380
1032982
1040844
1044724
1050094
1052666
1058062
1071906
1074078
1075708
1077886
1086084
1103386
1105886
1110116
1114124
1117910
1120580
1123982
1126448
1134196
1136450
1144336
1146928
1152662
1154914
1165186
1167680
1177432
1182004
1196564
1206162
1212050
1215142
1217452
1218898
1221278
1236258
1242294
1251012
1255040
1261120
1263640
1266120
1270102
1272714
1277188
1283188
1285562
1294430
1300356
1302750
1309570
1319812
1325280
1327368
1331552
1338158
1342038
1347344
1357908
1366956
1369476
1371336
1382406
1387028
1389930
1395730
1402872
1410002
1414270
1418790
1434114
1438952
1441472
1448214
1459954
1462162
1467164
1480602
1483416
1490316
1501218
1504704
1507284
1513484
1525008
1528276
1534468
1548424
1551578
1555642
1558256
1561574
1565486
1568376
1577822
1580100
1596988
1613750
1622980
1625750
1628426
1633714
1638048
1641012
1645124
1662732
1665702
1670004
1682620
1687412
1697250
1700142
1704460
1714822
1726598
1729382
1732650
1737288
1750140
1752448
1755526
1769918
1790392
1797710
1803006
1805928
1813566
1816692
1823944
1826986
1834646
1839320
1842460
1850520
1853384
1860442
1865604
1873396
1899390
1907026
1909924
1917736
1925916
1931520
1939824
1955072
1960644
1971050
1982134
1985236
2000792
2005706
2009152
2014536
2020126
2036380
2039386
2047594
2059750
2066482
2068598
2071616
2075338
2095822
2098858
2110762
2115672
2130496
2138066
2143650
2150164
2166288
2179942
2183036
2186090
2191866
2195316
2199760
2206722
2214830
2220054
2232156
2242926
2260042
2263192
2268480
2272612
2289136
2297578
2320506
2323028
2326520
2330200
2335112
2338632
2349802
2352850
2367834
2397088
2406210
2411838
2423854
2438762
2444162
2453246
2465492
2468792
2471006
2478184
2486326
2491926
2500672
2504056
2508420
2522466
2528862
2535068
2539002
2543572
2547254
2556738
2560140
2574398
2586774
2596128
2614082
2617992
2623728
2636334
2640154
2645882
2652978
2657712
2685650
2693270
2707558
2712028
2720850
2729400
2739580
2752628
2770710
2774192
2777696
2781180
2806572
2819304
2825894
2829894
2844564
2851398
2857850
2874030
2884280
2899304
2903818
2935670
2941564
2949440
2954948
2964902
2972290
2975032
2978938
2991238
2998374
3002072
3005702
3011950
3034358
3041250
3045088
3048678
3067778
3071720
3074714
3088608
3092720
3098134
3102488
3130970
3138980
3145544
3150224
3159496
3170612
3206500
3223088
3227256
3233990
3237800
3241580
3244964
3248862
3258490
3275764
3282470
3286286
3297366
3306942
3313922
3336762
3341706
3345768
3352220
3386906
3391756
3401610
3411990
3418054
3426402
3436166
3443464
3457418
3461664
3467952
3472362
3479792
3483756
3489850
3493774
3504206
3508742
3525934
3533736
3558886
3562010
3576412
3594506
3627010
3633916
3659124
3663738
3684684
3696192
3703716
3706600
3715704
3732530
3740394
3748048
3758684
3763430
3773462
3788610
3800866
3810904
3815308
3826264
3837270
3853174
3863768
3892636
3896770
3901664
3912470
3919366
3924138
3934766
3957328
3968432
3977274
3983962
3988792
3995996
4007178
4022560
4027420
4037630
4045802
4054348
4061194
4071972
4080994
4092306
4099808
4104504
4110898
4119910
4126454
4138920
4150028
4180646
4189056
4216232
4221002
4244126
4249090
4259270
4271316
4310392
4322556
4345340
4350194
4355018
4367222
4374314
4379156
4386324
4392088
4415140
4426386
4442482
4466870
4487826
4494500
4499432
4515658
4523488
4535654
4540568
4552090
4556560
4564928
4576788
4597324
4601692
4633974
4638888
4658806
4663794
4675194
4679730
4692272
4721572
4724458
4729014
4734198
4746326
4765594
4775594
4783286
4788332
4804390
4824646
4837784
4842678
4851582
4891776
4896420
4909294
4914462
4921210
4926852
4935432
4944064
4956526
4964538
4970304
4986456
4994854
5006646
5024104
5030266
5049608
5066676
5079848
5115332
5122896
5140294
5149024
5153992
5184468
5197558
5222384
5236230
5244830
5265624
5271810
5276622
5284270
5297702
5310238
5320808
5323980
5334420
5378328
5398258
5412184
5417476
5435050
5448628
5453752
5474590
5480260
5506356
5543046
5569540
5577844
5600508
5627964
5636134
5641352
5667268
5673418
5681676
5686860
5700118
5714000
5727104
5737882
5745498
5758928
5764308
5774030
5779274
5791582
5797414
5815622
5820174
5829004
5837864
5843694
5862000
5865748
5890296
5916894
5922752
5931370
5962098
5968834
5982638
5991456
5996994
6010182
6016434
6038202
6048608
6052692
6075660
6095572
6099820
6104998
6151886
6157278
6193884
6203752
6213748
6233362
6251532
6273592
6284832
6288968
6294446
6300860
6328680
6337282
6356252
6371642
6381494
6385672
6404984
6410854
6430392
6478432
6502346
6508244
6516406
6551030
6575598
6584562
6600178
6619726
6628788
6634188
6640824
6654880
6669212
6677520
6689810
6728064
6752650
6762828
6768550
6782676
6803532
6832918
6847192
6853236
6867532
6873412
6878132
6888214
6923242
6931866
6938662
6961394
6968424
6973956
6978796
7003718
7013398
7033064
7073920
7090522
7099394
7115382
7130480
7136084
7186038
7191690
7202410
7208600
7228204
7232846
7258806
7267458
7325804
7347644
7361738
7371068
7386864
7392558
7399134
7434908
7450274
7465342
7490622
7496356
7512148
7538134
7543732
7549488
7571600
7579910
7607506
7618462
7632610
7639312
7653772
7660976
7670558
7685400
7698788
7708142
7728006
7738886
7746182
7755076
7767440
7782596
7814318
7821058
7856836
7862674
7883340
7890144
7904974
7915130
7921028
7937798
7958598
7964940
7970494
8006772
8020324
8072558
8082496
8090228
8105780
8122658
8144076
8152954
8159812
8207184
8213784
8224830
8230336
8236348
8263254
8284452
8290774
8302764
8319158
8333756
8380014
8401574
8411778
8444708
8458040
8462082
8489412
8501148
8508220
8529814
8546434
8556890
8579324
8586686
8595596
8618820
8630178
8651992
8659312
8685936
8723504
8730742
8737720
8754766
8788630
8803884
8810682
8837320
8844876
8851122
8861150
8901266
8910978
8940970
8952566
8963868
8981990
8992100
8999024
9015650
9021962
9027398
9034196
9072614
9079124
9085154
9096786
9107956
9131910
9143034
9172042
9189188
9212512
9223166
9239336
9247846
9314324
9345030
9367258
9379896
9387958
9397398
9404484
9427322
9439134
9463566
9491612
9498066
9515870
9532406
9573304
9580432
9605392
9614618
9621682
9633398
9668444
9675332
9698932
9710154
9717532
9742682
9759374
9771026
9794062
9801326
9811642
9835720
9848732
9855470
9878958
9902696
9908680
9939064
9949420
9980370
9992670
9999960
10017882
10034314
10070536
10084680
10149340
10156036
10210654
10217836
10259294
10271908
10278624
10296400
10320576
10327420
10340326
10346562
10365300
10407214
10419348
10426992
10446014
10461832
10469650
10482562
10499244
10507052
10533404
10568872
10594180
10635460
10641490
10656494
10666628
10685842
10693400
10700280
10729056
10755266
10762368
10780672
10800192
10817650
10825102
10830656
10844400
10873760
10899630
10944168
10961750
11018676
11025984
11034160
11077688
11082814
11090320
11097696
11127312
11147050
11172532
11180632
11205040
11236480
11244418
11300390
11319428
11365452
11381712
11390680
11402864
11419154
11447532
11455682
11473188
11500516
11513216
11526122
11532032
11578850
11586052
11621856
11630262
11657532
11669844
11677228
11690630
11723726
11762356
11781918
11799926
11819886
11892294
11903986
11924666
11940402
11950800
11958780
11971028
12005406
12016068
12024318
12051036
12064736
12123132
12130426
12150576
12170024
12203544
12217434
12236636
12252020
12272002
12324360
12370264
12389798
12397400
12416442
12424632
12451170
12457696
12473756
12520340
12526332
12533994
12561646
12600586
12621408
12629688
12647194
12655342
12661998
12708164
12744024
12803862
12813792
12832512
12845544
12854576
12882296
12892952
12915118
12941494
12969542
12983046
12990076
13011396
13057678
13065670
13101236
13136418
13156882
13170676
13198154
13226390
13257530
13274736
13280078
13329214
13338488
13365194
13377588
13386022
13399358
13413956
13447222
13469320
13517900
13527050
13589044
13607780
13625168
13632812
13678530
13688338
13716206
13770956
13821768
13830298
13849080
13870478
13879298
13912576
13921054
13950884
13978924
14056594
14064772
14072282
14086650
14115474
14128962
14143950
14166030
14177576
14187634
14195882
14208448
14267162
14272908
14322572
14342520
14360818
14373786
14409504
14416462
14434030
14445532
14454304
14482876
14497242
14519890
14529268
14548818
14563532
14612814
14622412
14685364
14695852
14703898
14716318
14769388
14777444
14833040
14842752
14854646
14862722
14871978
14885192
14946304
14959188
14980584
14988970
14997080
15077772
15093226
15116620
15151714
15182560
15191728
15213314
15221486
15241302
15254458
15277322
15287634
15308292
15340104
15393468
15406074
15443268
15449850
15518354
15526226
15534480
15565574
15585244
15609234
15618158
15640490
15671072
15677700
15715286
15728910
15768242
15783664
15804024
15814114
15827148
15845874
15867140
15882288
15904552
15934162
15943822
15958162
15973082
16009978
16032580
16049626
16066646
16095916
16119230
16127642
16142460
16186374
16195502
16211298
16227754
16243376
16274290
16318128
16340924
16358702
16382490
16405084
16449232
16460030
16495230
16512322
16557746
16582180
16606034
16627622
16659798
16668348
16684792
16715796
16748876
16838006
16848498
16864420
16884048
16894198
16908798
16917412
16929038
16973862
17005226
17020264
17044038
17059466
17075472
17085976
17131032
17140114
17147580
17156268
17218960
17226428
17241870
17258214
17298964
17377824
17391788
17401060
17416560
17449524
17463490
17518206
17528672
17552742
17563388
17584918
17600178
17617676
17625114
17704886
17713700
17737124
17769534
17793490
17817048
17841330
17907588
17922032
17954040
17964432
17999932
18011726
18027018
18036468
18107124
18149404
18189422
18199460
18230020
18246444
18255916
18312710
18337000
18352760
18370594
18387918
18409974
18435456
18468706
18510690
18534512
18574470
18618366
18656118
18681994
18722882
18739282
18782448
18796774
18822892
18840312
18881354
18938624
18963126
18973350
18987004
18997294
19007098
19013930
19049206
19059268
19081786
19090936
19105770
19164590
19180402
19189576
19200350
19250238
19272226
19296934
19323232
19379616
19389766
19416930
19465228
19507140
19515340
19524610
19534576
19582930
19592872
19601354
19620422
19645684
19670390
19679786
19763664
19769716
19854874
19864208
19887488
19897770
19949134
19960226
20009906
20025888
20069298
20094072
20103462
20111970
20170504
20276090
20291626
20302570
20317118
20362754
20369642
20428938
20454122
20500718
20560900
20575320
20585970
20674292
20706888
20733996
20784558
20795280
20803998
20846226
20861300
20924572
20976072
20986140
21020460
21038010
21049620
21073120
21083356
21108910
21126534
21151502
21161918
21198326
21249524
21275018
21319386
21364580
21408636
21416668
21435198
21452006
21462716
21477524
21489716
21499430
21577870
21587854
21665776
21680822
21690874
21703978
21719080
21762918
21771206
21806396
21853290
21896648
21940342
21949766
21970224
21995578
22011082
22022422
22041104
22059012
22076602
22102692
22115530
22138848
22149814
22192026
22240578
22265382
22283222
22295288
22328538
22355448
22399250
22409942
22436436
22462790
22472784
22492744
22572638
22590518
22617824
22643470
22654940
22672836
22709724
22756720
22847558
22853324
22902202
22966572
22991904
23028044
23035968
23057134
23083916
23111774
23129732
23175366
23201676
23222164
23232430
23257718
23295974
23332620
23376668
23397828
23413638
23467238
23495820
23518980
23545116
23597858
23611076
23627736
23638942
23656926
23681488
23692744
23719286
23746612
23767680
23787518
23812734
23824608
23879944
23907602
23918866
23956314
23964564
23983888
24011294
24040656
24076374
24121632
24159310
24172288
24199204
24225818
24243140
24266324
24329584
24338672
24387382
24431974
24480730
24508492
24538066
24565278
24604958
24616172
24671296
24688342
24725424
24756172
24793080
24804042
24811150
24821614
24859930
24877956
24889970
24916472
24929390
25067580
25079078
25090058
25099592
25110290
25135774
25174360
25193180
25213524
25260150
25271672
25290820
25310210
25328738
25357088
25380234
25491156
25547428
25559812
25578446
25589054
25626958
25645834
25667646
25686624
25698766
25744700
25811794
25850732
25861864
25919906
25948958
25967068
26054438
26128666
26142886
26153596
26160846
26172018
26184666
26231378
26243316
26258580
26282030
26310036
26358460
26394996
26406848
26543620
26553058
26564206
26576102
26651574
26672886
26691930
26703840
26758982
26772450
26819392
26841768
26931002
26986364
27039652
27057808
27087294
27128600
27139562
27159794
27199742
27297878
27315802
27327534
27347108
27369512
27413944
27427646
27438626
27514084
27528656
27547644
27571492
27657042
27686844
27747146
27769394
27797474
27818776
27841132
27938990
27949608
27991422
28029750
28042062
28090670
28103000
28120600
28134644
28174768
28233050
28244654
28264172
28277594
28365216
28405796
28426730
28467292
28480550
28558558
28641906
28682004
28702204
28715194
28754742
28845592
28876442
28889112
28906974
28949996
28961282
29019810
29040296
29052082
29070184
29094890
29165600
29214502
29226970
29247148
29268988
29332530
29358914
29380292
29392280
29404280
29436160
29451658
29476626
29557788
29610084
29629570
29658496
29693960
29716766
29765120
29835030
29868906
29924060
29941552
29954182
29994818
30006256
30017752
30089142
30121136
30181944
30300358
30312450
30331426
30392754
30406746
30424726
30448594
30479626
30511716
30539746
30604702
30626624
30635638
30648274
30659954
30690640
30742894
30754508
30797046
30837282
30860762
30919630
30933824
30956244
30978042
30997738
31011068
31028642
31069502
31104012
31177030
31220580
31281896
31296820
31316006
31328914
31379342
31391924
31424470
31479746
31490216
31595118
31606944
31638894
31682072
31694714
31775772
31803320
31852874
31883592
31916270
31928642
31974194
32049534
32067818
32080872
32133370
32210488
32242732
32254630
32298762
32341936
32406612
32439470
32481914
32504194
32517352
32549128
32561338
32579072
32613818
32676636
32688834
32731716
32754396
32767896
32787006
32799002
32885160
32983260
32995542
33007156
33019316
33049478
33063506
33114694
33160396
33190952
33268120
33281440
33301990
33317996
33330088
33359608
33380608
33457292
33504240
33536184
33566990
33613030
33635182
33657776
33680396
33694436
33755682
33768318
33779400
33822528
33890054
33902294
33947026
33967182
33980916
33994044
34048160
34093268
34137140
34189410
34204692
34234440
34302196
34316622
34360768
34412290
34437102
34461408
34475546
34504416
34526666
34540538
34617796
34660332
34696238
34748962
34763418
34776648
34831674
34845318
34891150
35000866
35009712
35038312
35122692
35203958
35294406
35329284
35365242
35408446
35442410
35487770
35508740
35557170
35602446
35625926
35655490
35718342
35770042
35797230
35806102
35833904
35964890
36048140
36079326
36194482
36241480
36254120
36264732
36277350
36379388
36424692
36486444
36505430
36587780
36622828
36638848
36705192
36726016
36785926
36852262
36865902
36886678
36900766
36923540
37052852
37120002
37134662
37190270
37215296
37284750
37297860
37385702
37401608
37414420
37434878
37482600
37505568
37552132
37586498
37621934
37647806
37702732
37752428
37788032
37823238
37880496
38034062
38056952
38071724
38091762
38107488
38151906
38206606
38223434
38236952
38246502
38259458
38275290
38305364
38328338
38366130
38392216
38411720
38426550
38449566
38472574
38495548
38543136
38565522
38662120
38695882
38708912
38746376
38770202
38815944
38838678
38864926
38920554
38949104
38971374
39176764
39255958
39280894
39316254
39330408
39362950
39401446
39436458
39484492
39529792
39542968
39568946
39583476
39637696
39702924
39740292
39786104
39806068
39895212
39908442
39946312
39979068
40003312
40084736
40100018
40185718
40207232
40244342
40281428
40326804
40377960
40391274
40428842
40452604
40498502
40513118
40523982
40584872
40622706
40636288
40658716
40727798
40744264
40794310
40829816
40899222
40950410
40975600
41000244
41011408
41037774
41059566
41122690
41134128
41147940
41198970
41244086
41257966
41283866
41355984
41427864
41479700
41493212
41551752
41602944
41638016
41711436
41746592
41857910
41868714
41900786
41934598
41957820
41984384
41996060
42010370
42045590
42131178
42144866
42169508
42203654
42219980
42307364
42346744
42360374
42490044
42503698
42522080
42614862
42628538
42679208
42730148
42768046
42789962
42805072
42854094
42980070
43006316
43057148
43116602
43167932
43183196
43269960
43345452
43393866
43455600
43491044
43504862
43556816
43605494
43618112
43633676
43649692
43668714
43721328
43735188
43796774
43872282
43886562
44049802
44086984
44151384
44178466
44214468
44251636
44265730
44284412
44355422
44390316
44428490
44468524
44519106
44534592
44608246
44622796
44697482
44736016
44750500
44764196
44778494
44791164
44829794
44943140
44959016
44978420
45071636
45123448
45146770
45212380
45285356
45303606
45325570
45364098
45391984
45419712
45455034
45495432
45510350
45524486
45599888
45636856
45662746
45750172
45842424
45879616
45909648
46036486
46046042
46061600
46079574
46154326
46178528
46304850
46320132
46336532
46374206
46399014
46414286
46441528
46489122
46558340
46697960
46768142
46789800
46806058
46820422
46843420
46860938
46919606
46938142
46952944
46974848
47090082
47104456
47122890
47143554
47182378
47223904
47239348
47274436
47290276
47328934
47343346
47355546
47485464
47500712
47555752
47607874
47644060
47726450
47778666
47837510
47881372
47895866
47947912
47973004
48015100
48045000
48106176
48158538
48174904
48238926
48253574
48330424
48347656
48387002
48424648
48439958
48482872
48517930
48574386
48653248
48731036
48768232
48800738
48878832
48943490
49010412
49037088
49067322
49107552
49171126
49185912
49211860
49226554
49282584
49331344
49346482
49375706
49402084
49455986
49471790
49535164
49551994
49603846
49627794
49645786
49705466
49737474
49749710
49764488
49817712
49896798
49914670
50073134
50154470
50205972
50262584
50277688
50290556
50305658
50321492
50362842
50414960
50428366
50590632
50615920
50694234
50709178
50765454
50807656
50832344
50885708
50998564
51038648
51066310
51093298
51162230
51213648
51228642
51314976
51355076
51450074
51490678
51506692
51530464
51607960
51628294
51644386
51820190
51845004
51862248
51925170
51941928
51959318
51998304
52079740
52119874
52176908
52203224
52219010
52259752
52296852
52314740
52345122
52397988
52414680
52457406
52535028
52575984
52607590
52617800
52715542
52733036
52758872
52926384
52950478
52967290
53006944
53036224
53145222
53175296
53246900
53313210
53342502
53428850
53444420
53483318
53582640
53622834
53661446
53690078
53708426
53729272
53745100
53787840
53804736
53858980
53871758
53888336
53906922
53944396
53986816
54016050
54070096
54153686
54228252
54285114
54352374
54391840
54423904
54491866
54532774
54550038
54565512
54589504
54676534
54789152
54873536
54914814
54971520
54987060
55002540
55072070
55114398
55145364
55175296
55201934
55284138
55342114
55359724
55483864
55567756
55641906
55707074
55768136
55838982
55951976
56011660
56109406
56139582
56155276
56196944
56237244
56256090
56273892
56286812
56354256
56414388
56439066
56457320
56487280
56556644
56567450
56583958
56604430
56743752
56768764
56786146
56815174
56856514
56873578
57018100
57117624
57133458
57148416
57175640
57221496
57246914
57279038
57348444
57408980
57465214
57491568
57533318
57552468
57568380
57679584
57737916
57758236
57783624
57823942
57855542
57885548
57925368
57942910
57972982
58031776
58161518
58235616
58260710
58280694
58335546
58382370
58409020
58465476
58482864
58512056
58584110
58611930
58672958
58719708
58745396
58778442
58817658
58846834
58876120
58890306
58907694
58926190
58967054
59026398
59042118
59114322
59199374
59245212
59263632
59332088
59364478
59467562
59491798
59536946
59580876
59600934
59747274
59920984
59977038
60024812
60127554
60187020
60203280
60233638
60296016
60366296
60396300
60425806
60444466
60528814
60549716
60678686
60700178
60739096
60824370
60868636
60917092
60960992
60994512
61064574
61082324
61186482
61290446
61377888
61442038
61488220
61620008
61681986
61708818
61743084
61785500
61812830
61875358
61997182
62067134
62145530
62160312
62238704
62296254
62327728
62371896
62432884
62539860
62564842
62583876
62627638
62712870
62779650
62867810
62910938
62927552
62947434
63054732
63101844
63172712
63189602
63217580
63234638
63276500
63402502
63492522
63510450
63524954
63626532
63707996
63777644
63824930
63902912
63932788
63952784
63980526
64085972
64118144
64167014
64194696
64213162
64271824
64302780
64453322
64500020
64544504
64580836
64593342
64625462
64673310
64871912
64888782
64900308
64917840
64977050
65065332
65086256
65113188
65160572
65206054
65242950
65332176
65424130
65444260
65500654
65581372
65621058
65656966
65673334
65706200
65734408
65753110
66014552
66088474
66108174
66211938
66288358
66306880
66326500
66353176
66413974
66431576
66465008
66526952
66587344
66621150
66636692
66709846
66759148
66791836
66822162
66902598
66949332
67021604
67106436
67151888
67181426
67241648
67263822
67310544
67419944
67444392
67463472
67559492
67664452
67697920
67715176
67805042
67844702
67918642
68000776
68045740
68077516
68139802
68157094
68184874
68207372
68251074
68342382
68409122
68484982
68503564
68524138
68594526
68611754
68661902
68725166
68790158
68948840
69024008
69069366
69091216
69109136
69135718
69249596
69314376
69361620
69408122
69436382
69477952
69504292
69580684
69613522
69709720
69758636
69819828
69840078
69884548
69902062
69917756
70065100
70079882
70139448
70187992
70209242
70302022
70345254
70395454
70476910
70554218
70591182
70619080
70669102
70717174
70757216
70799354
70828310
70897628
70941494
71053692
71104500
71152248
71170940
71235076
71375162
71471286
71492282
71560700
71655936
71683396
71844762
71881670
71926698
71959232
72070468
72135530
72153320
72170670
72204226
72234036
72253696
72300226
72319450
72333554
72366680
72400736
72420986
72448140
72563734
72655850
72696196
72792026
72855666
72902622
72968452
73001422
73045810
73114830
73133772
73210038
73230774
73277308
73295344
73344272
73443840
73474168
73584318
73605956
73623932
73653034
73771128
73799086
73840154
73934898
73964314
74049080
74117742
74192782
74213442
74246868
74279860
74295488
74379762
74446376
74462618
74480726
74573180
74659132
74859026
74922058
74953806
75038196
75185728
75205736
75271268
75304924
75368458
75402386
75422594
75440784
75517798
75686054
75732598
75869740
75896410
76061334
76113960
76132248
76230272
76251670
76282706
76347760
76400336
76516158
76536342
76569408
76685690
76783732
76802620
76850670
76871298
76921092
77086504
77104894
77256414
77287696
77370878
77452508
77492220
77607006
77686250
77707220
77739612
77759508
77940478
77956954
77975980
77997674
78030818
78051368
78111992
78128060
78165068
78198010
78268856
78287432
78313902
78335292
78366286
78414396
78454786
78467932
78585666
78607272
78790500
78844806
78894714
78975478
78995116
79108112
79126742
79143264
79179444
79233752
79261490
79354280
79430380
79452062
79554328
79601732
79627158
79742812
79776368
79838648
79912784
79945050
79995634
80015740
80062902
80083524
80155230
80304178
80378248
80472824
80493806
80599154
80653344
80698500
80752396
81020856
81039714
81061632
81092818
81148558
81194300
81214544
81266020
81437680
81459550
81659084
81699128
81752414
81782294
81803136
81905966
81926318
81957704
82006266
82098600
82181968
82272570
82301664
82388494
82404018
82527438
82547270
82579244
82599152
82649814
82717176
82736228
82773046
82842352
82871292
82914974
82930226
82995904
83017036
83047830
83072308
83137206
83170596
83220178
83244326
83264028
83296188
83396678
83449352
83489974
83541836
83608126
83643830
83762828
83782012
83820430
83891048
83992682
84012458
84096928
84138604
84152950
84271036
84315472
84393888
84443492
84467702
84515504
84642650
84692678
84764570
84796736
84835288
84922272
84995018
85096936
85273398
85323958
85346374
85367116
85382906
85416882
85570882
85594496
85679512
85822006
85948934
85979356
86000726
86034138
86086728
86130100
86210602
86250686
86287964
86354516
86407544
86441358
86460838
86537230
86587816
86658246
86712900
86814886
86918908
86970808
87016522
87068284
87149594
87193926
87223580
87278326
87372952
87495160
87512918
87532946
87581166
87603846
87655868
87728894
87760850
87812350
87856312
87908362
88033268
88087270
88192972
88354572
88375966
88407516
88582600
88604488
88627164
88676624
88710846
88787984
88858434
88964370
88983114
89042474
89164792
89197244
89219522
89295380
89486636
89533050
89632152
89710180
89738692
89760772
89919072
90012932
90101462
90196058
90212022
90305342
90378972
90393622
90431690
90468750
90490758
90697154
90723962
90756716
90884986
90956836
91101052
91140744
91267974
91288386
91375334
91483208
91561830
91632942
91741262
91763928
91795060
91839406
91867790
91890894
91926896
92020140
92035692
92055786
92184918
92236452
92309676
92348204
92400336
92441354
92494692
92569236
92679244
92748772
92787754
92843820
92866026
92991888
93076302
93119730
93154028
93177290
93289498
93321976
93451530
93576548
93598842
93674578
93820164
93840622
93949966
94060798
94081114
94208140
94230712
94246264
94321864
94374428
94449792
94507338
94603560
94617388
94638706
94747760
94844492
95083318
95119862
95158518
95197462
95269210
95324110
95362394
95436578
95489290
95532652
95550286
95590198
95673958
95862586
95908272
95963938
96019302
96149210
96181394
96239730
96314670
96368068
96390716
96446570
96467150
96504906
96562426
96586240
96635526
96712608
96822632
96955382
96988812
97016220
97065564
97199930
97236598
97279900
97466308
97499634
97590668
97628922
97710136
97783528
97822812
97876034
97900202
97955256
98140548
98163894
98255952
98308746
98335744
98357616
98390250
98498636
98524528
98545318
98577742
98603278
98764510
98790572
98842930
98881374
98939094
98961702
98984974
99014236
99071978
99093408
99131060
99318974
99396176
99419432
99451698
99496682
99513392
99640390
99775964
99830366
99858056
99879080
99893616
100346700
100403592
100424734
100485350
100617964
100639876
100657336
100756402
100808348
100830890
100847696
100978938
101025598
101077636
101196912
101225956
101364806
101465280
101497442
101557722
101599572
101616754
101750652
101831226
101960364
101982166
102002924
102024092
102101396
102159142
102273846
102297168
102429902
102468692
102579242
102770356
102791596
102851454
102948314
103013944
103064810
103165180
103486168
103534110
103592710
103651582
103711506
103786432
103824168
103934060
103956104
104094576
104129136
104151402
104179812
104210360
104272560
104312602
104350066
104406880
104528332
104550050
104681626
104704048
104796266
104900358
104953992
104995228
105019354
105095848
105153066
105288916
105303904
105405494
105443392
105468258
105695452
105718534
105744452
105774280
105857176
105878726
105898244
105999164
106073748
106110598
106132756
106173270
106197768
106228734
106252982
106390318
106449480
106471524
106528722
106569274
106647338
106668968
106817290
106899296
106979066
107018906
107060772
107077474
107235216
107256908
107276682
107433978
107455848
107496208
107517020
107557722
107614108
107712774
107755210
107779132
107836180
107913764
108004044
108054300
108263252
108311808
108403262
108448602
108467526
108491604
108685354
108823340
108883226
108906904
108947200
109001140
109025448
109049850
109226366
109248830
109282736
109307158
109482656
109602150
109739014
109763156
109803716
109903668
109939454
109963754
110065470
110140398
110165880
110244176
110265278
110306426
110346288
110446072
110508822
110549234
110601562
110686620
110710980
110828622
110851710
110912632
110967970
111064354
111113282
111147196
111343218
111368688
111430676
111551482
111577174
111631344
111694974
111717024
111777572
111861564
112013548
112276500
112299420
112380480
112445460
112480700
112557216
112582546
112660020
112675606
112699450
112727594
112764204
112888956
112991344
113072116
113110766
113133330
113228260
113430504
113456908
113516132
113574978
113633656
113685804
113745016
113864062
113922140
113950152
114045966
114151116
114186012
114248154
114269818
114308784
114331212
114395030
114420950
114492854
114514576
114537874
114560766
114601186
114656770
114684662
114726062
114944666
115113082
115177198
115233618
115352716
115416198
115440948
115481328
115537206
115561470
115588630
115702316
115746900
115825314
115851732
115953146
115975702
116113624
116156410
116201638
116262716
116380878
116403522
116533532
116616178
116673490
116713418
116739702
116879752
116921634
117126324
117269850
117351118
117373822
117420652
117540030
117567286
117997558
118013156
118036052
118121704
118162978
118216618
118239392
118331782
118410736
118597252
118620064
118642166
118745352
118891226
118928008
118953148
118985710
119038226
119101200
119197944
119226936
119249806
119307818
119348586
119407962
119468592
119581926
119643294
119681174
119704150
119789350
119937034
120059238
120125350
120184040
120311504
120391686
120416988
120503332
120520154
120603612
120629312
120692306
120715330
120751180
120871288
120921802
120961842
121196862
121233570
121258944
121338268
121359986
121411246
121530500
121651996
121679446
121779710
121825230
121865192
121926934
121977322
122037798
122165752
122219828
122289906
122350304
122410984
122434162
122465936
122586484
122771430
122859012
123004670
123027900
123049506
123073794
123218506
123261998
123304444
123407942
123514730
123561216
123705216
123769310
123858906
123882216
124005402
124299866
124320472
124494180
124518144
124559202
124619942
124705760
124729154
124772458
124840116
124897368
124923910
124965374
125048434
125134414
125193998
125223398
125267430
125349772
125565898
125708714
125754228
125924692
125965570
126036500
126115738
126142954
126207220
126359470
126395098
126440026
126459804
126549626
126657434
126723808
126852154
126941126
127000030
127042240
127126404
127157454
127256058
127320500
127345868
127429380
127647202
127750726
127775514
127865158
127901336
127929426
127955022
127973254
128018288
128206706
128233510
128356522
128380258
128399838
128453840
128553682
128946638
128987246
129356028
129382254
129484736
129532364
129575738
129662800
129850982
129881070
129906504
129944166
130097390
130138942
130163980
130251160
130337422
130378438
130440590
130572566
130596944
130689750
130770830
130839026
130970294
131058248
131100708
131164354
131214268
131278560
131318066
131376460
131407814
131431826
131449946
131604818
131775562
131822156
131866964
131938386
132039918
132107628
132132600
132280492
132323560
132445086
132501938
132695056
132726614
132853426
132919162
133007402
133096012
133166826
133257216
133292868
133359964
133475330
133511616
133580918
133625118
133669972
133822988
133847234
133919494
134072990
134138258
134181070
134513378
134641338
134685570
134746804
134771128
134801768
134843586
134957192
134976968
135177032
135199926
135224294
135311478
135374324
135444226
135469076
135535622
135624018
135646272
135731146
135793728
135951412
136016804
136067666
136137394
136270720
136308208
136362082
136423032
136467404
136553892
136583496
136650380
136780688
136845658
136933900
136981818
137068032
137095020
137134674
137165172
137191596
137294692
137387524
137478176
137580150
137652868
137766174
137809702
137869904
137966558
137993858
138077820
138120930
138149712
138186280
138213370
138304148
138328198
138525510
138571216
138701204
138757454
138822468
138865066
138892230
139018940
139089006
139152822
139182622
139383214
139451078
139604590
139653924
139768574
139927824
140018068
140084034
140152242
140216660
140244260
140354804
140399518
140564848
140631332
140788348
140805152
141026970
141051846
141085870
141151034
141260598
141287352
141419778
141444860
141470750
141513974
141576864
141715294
141810258
141924276
142058698
142100884
142215472
142376550
142416980
142450520
142511868
142555714
142586276
142624012
142714908
142787836
142853330
142880222
142968082
143009228
143036446
143062018
143110622
143172342
143201388
143313632
143401702
143519934
143588912
143635008
143696552
143750834
143954354
143979518
144019040
144158656
144385352
144644000
144669194
144774026
144870224
144896068
145035560
145145612
145191648
145263932
145332186
145395888
145471912
145530390
145604880
145953932
145999692
146045372
146066118
146227384
146253206
146278542
146303010
146416124
146623270
146691100
146743384
146856426
146974844
147204730
147248972
147477996
147510460
147614928
147684286
147737988
147777880
147854860
147879452
148012150
148105752
148151328
148176822
148339866
148434914
148509860
148546062
148639276
148668898
148773454
148806654
148850778
148876338
148908906
149044088
149201068
149248944
149372056
149671794
149780614
149806390
149832218
149884636
149912856
150208602
150536732
150644904
150676024
150719174
150744894
150934854
151004952
151044184
151074154
151213498
151284086
151375722
151401494
151515542
151543908
151581432
151710316
151758014
151823652
151851026
151876842
151949240
151994928
152059100
152131322
152157158
152297310
152414792
152485666
152581556
152721426
152818302
152868136
152960120
153026162
153072932
153126952
153263974
153362722
153470054
153504870
153531840
153598474
153763084
153806518
153903126
153948650
154072678
154278550
154308760
154449328
154475410
154498328
154760852
154825978
154892050
154951688
154972298
155021658
155067178
155188478
155232228
155368686
155401614
155428056
155564462
155642264
155704414
155780988
155852544
155921626
155949670
155979766
156017236
156046108
156117606
156452606
156525294
156620502
156643262
156691324
156838480
156865030
156971116
157040756
157073294
157100378
157176954
157286382
157380976
157451722
157620316
157654434
157724560
157790650
158100550
158124142
158170890
158199888
158274666
158440524
158512850
158609960
158653560
158756864
158966068
159058766
159092612
159160182
159372430
159446768
159473910
159549476
159736360
159786144
159859706
159923836
159982128
160100026
160205206
160264506
160342000
160442592
160510070
160683826
160726756
160753312
160823904
160853248
160899594
160970216
161028718
161068850
161139370
161192136
161220070
161338806
161554052
161623764
161750704
161897188
161967302
161997962
162044454
162204662
162238210
162383822
162422874
162449568
162648988
162841258
162894742
162943786
163040018
163136324
163160404
163189012
163356016
163384744
163454906
163503094
163575422
163669290
163700234
163872874
164015342
164060970
164092898
164194760
164376984
164437814
164476808
164917872
164997710
165041478
165071174
165283546
165583296
165603162
165630126
165666214
165875306
165973678
166075884
166098906
166154746
166194424
166273810
166373196
166444004
166475318
166571096
166691770
166841200
166887734
166968684
167010984
167108280
167256318
167336078
167364236
167801072
167822774
167853104
167923676
168167828
168271102
168345888
168373554
168455184
168570346
168698868
168798112
168839192
168869348
168915512
169019728
169062210
169090386
169123966
169236922
169339216
169373086
169487516
169544454
169738916
169789400
169838662
169912742
170010024
170113874
170288526
170443316
170482578
170536900
170661842
170727512
170761954
170808378
170982498
171017770
171283762
171307198
171431918
171510454
171537884
171587420
171687628
171808664
171836118
171863900
171915736
172010662
172040200
172115320
172193172
172231760
172268742
172296246
172368424
172481814
172538952
172585024
172690918
172836408
173113614
173188430
173265596
173317248
173515352
173567502
173595098
173667552
173768442
173799102
174047344
174126340
174241072
174347538
174449310
174569838
174626486
174669158
174699670
174851680
174883732
174926644
175177394
175304358
175328682
175385888
175433968
175465210
175502484
175534400
175589194
175712382
175758120
175794510
175863828
175941256
176046320
176094850
176367868
176444524
176525212
176699324
176730332
176804302
176856496
177056354
177135632
177162012
177412250
177460562
177491612
177594134
177715386
177787332
177853060
177871210
177928120
177998894
178119788
178254168
178301286
178353098
178378650
178408944
178480978
178583166
178611156
178740126
178863546
178890762
178919164
178947152
179126852
179278858
179356378
179384434
179455248
179505104
179612132
179867308
179936204
180094056
180193980
180270214
180302026
180347292
180402324
180430120
180527684
180631230
180659892
180687890
180789388
180940276
181147182
181175856
181251666
181299392
181374926
181510672
181588288
181639360
181735264
181813052
181945356
181996648
182094216
182145124
182204486
182229468
182258916
182459406
182483806
182538372
182613022
182656132
182693056
182723422
182746016
182796940
182925146
182960804
183027584
183110516
183320988
183514548
183619794
183652284
183700252
183801652
183985630
184244336
184273514
184323864
184470398
184555406
184608112
184658640
184730574
184765858
184795640
184840424
184921726
184994876
185071588
185136822
185213096
185329334
185394686
185513846
185570118
185594542
185803260
185883536
185955736
185989360
186088880
186142826
186170352
186476642
186509942
186693132
186742692
186813074
186875456
186961288
187026936
187077438
187184290
187264220
187392328
187479826
187523252
187684200
187782446
187815896
187920650
187944324
188186560
188263506
188387586
188518234
188680108
188753730
188909192
189015932
189120010
189172864
189315492
189438244
189655512
189727106
189840748
189922254
190094672
190151366
190183742
190259016
190784588
190831260
190860198
190892844
190968794
191096336
191229732
191313038
191367212
191576578
191626092
191734050
191892896
192103778
192133400
192391056
192412462
192441568
192551374
192600646
192680440
192710320
192746416
192872174
192928570
193050754
193082884
193167000
193247224
193429032
193620608
193667148
193696594
193990206
194037092
194186568
194225596
194254786
194276392
194306100
194342716
194414624
194872842
194998184
195182054
195217304
195399412
195589476
195670882
195748744
195829704
195859906
195906730
195940446
196061786
196095080
196143544
196329582
196365010
196411776
196441140
196551032
196658156
196707364
196819860
196949340
196980148
197087512
197163596
197248382
197277320
197330478
197362848
197597794
197704628
197782686
197859424
197977520
198007370
198029772
198161192
198395320
198476440
198533566
198557316
198590064
198625012
198668438
198701198
198806754
199316934
199372918
199505008
199589120
199619870
199663794
199906738
200204798
200238786
200508436
200586802
200637360
200666528
200723890
200826790
200938526
200968226
200996402
201054034
201107310
201238786
201374090
201449034
201717514
201755378
201785744
201862568
201941564
201996082
202028252
202074128
202321094
202344858
202448432
202481292
202563434
202729930
202833192
202950584
203111334
203144586
203169658
203272320
203349240
203460028
203546450
203733116
203771934
203848488
203976286
204087204
204173806
204227218
204361424
204444628
204530678
204633796
204777456
204831402
204861644
204944468
205051398
205075740
205262466
205327746
205685044
205763996
205891594
205960040
206273476
206306820
206360098
206390324
206443766
206473860
206661442
206823644
206856824
206944086
206998646
207327562
207451350
207568800
207607318
207764124
207837326
207875682
208008294
208087958
208121468
208204296
208284272
208313008
208344670
208511112
208646864
208757486
208899250
208979402
209110116
209178084
209224842
209611122
209693360
209745364
209812848
209998930
210090738
210166110
210273034
210300590
210408824
210579864
210610892
210692734
210837776
210999502
211082530
211245924
211322230
211389614
211411610
211553864
211606188
211686562
211962624
212101036
212157972
212222274
212251156
212354566
212710700
212747436
212780178
212804480
212866052
212952112
213058788
213139490
213197434
213355778
213427730
213895034
213948178
213981146
214028428
214142938
214229164
214308104
214623762
214670338
214872434
214906244
214983290
215099534
215259442
215290926
215344524
215380938
215659226
215739854
215792230
215851722
216017128
216107934
216139164
216168186
216267166
216466756
216551876
216630092
216867908
216949632
216980544
217028206
217228424
217279962
217311806
217477806
217564984
217672868
217706978
217991906
218158624
218272684
218522850
218557194
218607524
218640710
218691740
218842682
218886962
219004274
219088540
219165448
219205454
219326920
219564788
219651504
219737754
219795542
219932780
219966954
220054458
220221596
220362250
220421528
220454850
220511514
220651462
220785678
220819942
220869148
220908302
221021076
221217982
221239548
221437572
221479326
221529094
221635794
221670100
222004516
222036638
222096046
222128176
222210432
222246606
222441406
222533410
222578798
222666670
222786618
222900288
223062956
223219356
223433884
223781352
223805212
224010944
224240564
224317522
224378438
224412296
224668250
224726666
224898188
224975278
225012472
225065278
225143092
225210114
225234384
225265820
225384404
225633484
225807182
225957330
226102514
226248054
226413696
226501762
226582060
226647524
226676052
226738066
226793658
226870278
227073758
227196226
227227802
227312200
227481442
227532480
227565548
227738026
227819518
227853400
227972574
228057888
228226082
228549546
228596820
228637240
228697210
228755334
228838810
228887288
228955076
229040176
229244082
229298698
229418906
229507096
229581114
229672810
229818512
229877152
229961124
230105460
230135626
230168932
230366830
230543712
230578932
230660202
230694474
230720374
230917906
230959202
230991392
231290068
231321922
231443224
231497352
231586804
231618868
231705034
231875036
231945106
232082062
232198990
232319282
232522744
232609350
232659402
232811294
232868704
232955380
232992078
233105760
233161712
233241324
233282552
233619982
233692240
233743864
233952464
234183384
234247750
234359714
234533786
234623032
234658352
234737474
234999252
235071606
235207722
235291686
235356962
235377702
235619050
235787628
235878918
235998372
236114106
236200602
236375516
236494956
236528868
236758040
236794084
236910612
237085372
237206222
237341058
237430838
237463118
237503778
237723138
237847692
237992674
238089770
238133622
238169302
238230836
238269006
238329092
238583840
238614454
238678842
238734976
238770588
238976134
239066816
239228924
239266800
239443018
239530340
239574474
239794436
239826876
239942504
240066216
240090068
240125786
240628794
240661926
240834422
240888550
240927132
240980298
241100616
241136436
241182464
241307990
241398418
241476640
241519524
241552434
241779394
241866938
241900500
241990480
242026390
242142762
242201728
242381410
242762328
242828404
243038100
243178884
243215554
243335674
243385454
243480284
243598006
243630766
243656534
243728032
243861510
243986006
244101062
244320532
244371164
244459104
244492776
244525530
244671620
244847230
244970426
245007756
245059236
245215012
245273406
245309806
245355700
245396774
245518870
245816048
245899792
246043518
246076836
246257540
246348830
246590706
246623598
246682052
246920300
246951128
246986416
247184656
247219936
247367372
247403822
247456686
247573750
247612462
247793912
247880486
247921952
248059256
248101304
248265426
248517200
248568314
248605748
248661934
248757744
248790780
248874746
249259362
249329838
249421682
249556376
249631304
249686886
249935188
249956930
249990046
250115442
250253412
250410608
250560052
250680196
250716688
250780658
250864934
251135800
251169362
251202590
251322814
251371684
251413450
251538326
251630440
251745736
251839398
252020408
252077304
252230488
252497490
252535122
252595244
252676450
252712948
252751880
252895960
253225776
253259112
253319034
253533822
253569588
253658848
253802410
253848004
253881928
254018090
254106142
254199804
254270656
254357312
254451694
254538244
254580962
254631906
254668692
254814018
254883274
254936508
255119602
255425436
255577232
255630036
255669466
255976668
256010178
256098714
256244576
256287382
256491502
256591770
256672164
256711852
256802040
256984360
257025078
257158976
257227658
257259740
257501122
257563630
257632088
257809122
257990660
258028128
258386840
258458094
258554434
258698748
258821146
258862400
258911448
258948558
259257786
259315256
259346242
259381474
259445604
259713890
259921388
259962234
260185592
260306208
260541928
260701934
260891264
261013408
261159378
261226374
261256294
261374964
261719660
261839010
261902892
261996746
262082634
262187076
262247396
262436956
262470888
262617370
262775076
262832494
263048474
263101746
263230002
263267388
263452760
263490344
263578712
263885918
264012616
264042516
264161554
264199942
264295416
264692884
264909734
264943826
264969898
265134076
265190536
265312228
265558004
265589540
265627010
265666260
265812642
265938690
266029756
266069476
266216800
266285062
266507382
266532538
266745944
266964416
267091674
267126384
267149722
267185550
267308040
267535834
267769402
267846390
267897772
267935496
267990858
268028320
268092908
268127202
268215202
268346718
268466550
268528928
268568888
268621614
268780570
268880964
268933340
268973886
269158636
269284348
269411386
269561750
269600866
269731078
269779886
269877000
269947328
270126142
270190238
270289174
270410924
270568728
270632250
270667644
270764650
270975800
271041754
271079714
271354600
271539810
271574346
271757704
271858304
271928046
272077180
272167170
272204214
272295274
272462766
272527760
272607986
272649488
272865668
272932062
273017842
273087138
273245190
273368722
273461914
273687264
273722436
273746692
273914786
274094610
274221746
274289020
274535346
274601718
274694996
274729712
274861820
275084118
275267110
275332788
275548250
275621994
275720664
275863194
275906938
275943136
276001940
276125118
276350696
276504140
276626658
276669618
276727172
276826326
277042510
277082992
277174772
277303812
277409336
277812410
277847324
277906406
277998944
278089878
278136028
278576842
278799278
278825652
279178908
279314812
279397812
279465560
279593166
279723716
279761354
279852154
279951462
280008276
280047886
280136948
280177650
280459018
280649456
280690782
280775020
281060114
281138958
281319330
281381688
281510816
281551526
281642082
281703656
281773748
281923836
282028864
282153984
282328844
282566016
282641028
282665134
282893550
283115030
283153810
283336502
283377404
283433484
283566688
283601962
283763262
283954006
284120280
284173364
284252180
284278066
284346982
284447142
284630872
284668974
284820046
285143860
285186018
285365922
285467166
285565722
285603834
285644430
285731110
285861094
285893294
286018690
286213722
286249734
286379778
286471476
286509528
286664282
286759330
286802906
287121412
287156916
287215986
287498650
287535022
287630612
287670068
287858812
287958436
288128302
288162024
288449208
288517418
288699162
288743482
288969648
289024690
289066964
289158402
289348420
289394628
289522858
289801326
290068600
290100086
290327646
290553454
290595484
290782966
291016452
291056604
291085456
291203984
291243306
291301386
291380844
291432284
291473324
291538186
291703858
291729866
291993004
292128984
292185794
292378382
292416764
292550220
292834860
293008780
293042324
293106892
293209606
293431032
293495962
293633488
293820048
293913926
293956294
294185530
294248220
294285806
294342808
294380146
294566472
294638952
294672110
294797920
294937490
295041416
295325456
295396832
295497584
295597122
295635726
295888084
296015636
296121366
296393342
296481506
296585230
296808344
296939132
297005984
297140034
297274764
297309322
297470730
297607852
297859320
298225730
298421704
298514272
298611072
298695180
298888550
298983584
299026914
299114964
299284102
299442948
299512534
299549024
299614012
299871418
299907688
299976032
300013124
300077434
300117358
300277032
300341766
300409790
300636206
300902588
300932132
300969110
301015404
301165684
301206514
301397724
301437864
301503624
301635442
301677076
301832950
301868954
301907016
302098398
302261790
302333488
302399220
302439306
302600100
302817394
302900254
302958412
303295536
303341412
303432208
303488446
303758398
303925168
303997452
304052622
304161752
304293778
304627668
304665772
304861474
305059902
305155942
305199022
305478476
305590528
305627302
305868682
305959650
306060326
306226034
306292646
306334452
306530124
306630400
306768256
307066296
307106706
307157796
307200016
307337576
307401044
307667900
307731252
307828756
307933146
308167200
308347186
308435386
308774302
308840676
308906592
308943544
308980358
309077168
309242170
309311778
309413036
309788396
310019598
310219868
310257728
310281224
310318962
310359448
310453722
310696170
310796318
310994302
311126896
311429062
311472982
311632346
311773238
311974652
312142352
312245788
312443834
312575224
312636382
313014338
313112568
313286284
313349650
313450776
313491708
313589566
313627918
313695812
313925924
313963034
313999164
314071408
314173708
314269602
314334156
314506040
314560124
314607132
314742488
315089882
315337220
315421780
315485754
315587876
315653168
315686000
315725906
315770768
315825036
315928940
316001292
316067868
316302330
316505120
316599054
316645594
316686976
316879624
316943118
316990144
317027980
317188250
317384758
317628040
317723724
317803206
317861270
318203330
318244458
318376782
318682442
318752896
318825672
318888022
318931322
319066028
319164834
319271284
319466056
319668642
319717752
319807272
320013488
320108564
320146052
320450446
320491996
320590822
320770452
320803090
320840638
321180748
321318868
321552910
321852984
321966222
322056790
322137296
322246728
322343908
322510540
322685448
322751532
322822352
322934976
323086106
323164202
323202486
323240140
323331808
323477268
323515626
323584918
323687296
323782386
323822252
323862656
323965118
324261842
324510488
324568540
324606274
324755204
324953818
324999538
325298962
325337368
325434742
325545198
325613620
325784396
325881044
325920092
326127954
326189558
326303472
326537202
326613286
326674054
326722748
326983268
327021212
327071192
327166084
327230252
327409250
327581314
327756786
327954562
327994254
328028848
328157208
328201158
328305862
328344272
328407698
328555994
328649964
328717660
328793594
329036092
329096776
329139896
329208160
329640840
329688108
329751378
329890276
330071956
330103896
330240008
330349834
330451204
330585244
330730060
330833558
330871898
330937618
331118390
331213046
331287368
331429868
331468004
331572662
331772330
331813232
332016514
332125448
332222680
332329602
332372440
332506334
332534850
332708726
333016940
333062174
333225416
333263972
333473662
333555714
333663478
333725426
333823302
334005452
334173080
334520082
334629344
334875570
334948386
335059374
335325362
335365226
335677448
335716286
335860788
336026142
336100434
336216154
336611072
336662840
336765604
336811616
336974558
337114172
337215542
337323262
337465542
337510702
337563358
337677688
337720794
337790944
337963100
338207094
338317578
338368640
338412946
338454610
338563188
338628588
338867664
338979702
339078052
339158264
339220012
339476332
339669610
339712150
339887914
339969500
340207654
340242700
340559110
340594982
340779228
341022956
341185350
341230724
341379010
341437388
341536002
341589386
341654076
341735032
342034190
342147882
342191784
342392616
342608774
342644852
342683628
342853476
342898398
343107838
343147806
343215668
343306010
343352608
343428044
343562820
343605546
343666922
343756652
344059466
344518952
344562624
344665876
344833386
345151566
345189176
345229112
345329554
345474962
345513914
345620640
345734898
345796168
345906642
346044496
346087384
346196642
346235614
346506780
346557100
346901842
347217098
347289112
347363396
347574214
347650978
347720690
347964178
348003248
348117118
348324586
348642456
348691176
348891204
348990514
349076470
349143702
349289516
349463776
349543016
349647584
349818332
349909098
350004830
350187126
350227434
350724976
351388984
351492476
351542432
351598526
351637802
351687306
351790510
351962926
352050996
352289074
352320518
352465400
352617146
352684694
352822698
352868268
352968320
353007686
353086702
353334126
353377626
353475612
353547804
353648928
353729994
353837986
354008520
354089216
354156818
354207252
354418678
354509590
354624672
354736102
354922090
355084286
355204022
355243502
355338844
355384816
355529762
355601132
355638890
355895548
355998512
356108988
356723278
356827102
356930830
356997406
357038524
357141246
357249218
357358232
357441968
357503262
357618904
357722892
357762510
358016250
358055880
358094244
358165696
358338654
358384568
358427336
358698284
358842340
358890388
359207064
359416920
359463000
359523998
359717598
360073128
360145248
360187636
360264418
360304174
360551518
360651392
360694134
360767994
360813840
361057536
361129430
361237410
361424600
361494330
361676206
361703488
361797080
362002796
362110602
362256252
362329188
362479104
362764892
363129356
363307678
363413288
363818752
363921912
364187986
364258134
364437666
364558390
364761208
364950008
364986464
365125190
365244950
365289518
365705870
365790876
365866132
365910206
366003596
366046850
366082444
366332372
366418856
366477258
366597484
366744232
366811902
366853062
367318586
367438494
367516172
367835172
367909044
367951262
368101884
368315206
368351482
368642950
368834900
368889040
368978618
369095746
369348582
369461950
369635586
369825360
369998760
370192398
370251144
370372060
370806228
370844452
370996944
371140066
371215660
371364458
371990108
372133704
372201638
372251592
372315566
372399200
372505002
372583974
372680124
372724356
372836926
372881458
373095292
373200936
373390200
373570814
373679396
373762520
373797626
374042458
374093794
374137276
374251036
374313294
374506152
374721008
374835360
375309968
375414994
375641160
375682560
375792638
375840098
375976210
376013750
376057868
376099202
376263488
376353746
376464698
376578638
377055732
377127082
377380048
377432926
377578764
377684446
377757722
378163058
378284332
378532778
378646274
378806190
378909552
378954576
379131284
379659266
379806844
379915554
380176002
380284774
380556138
380659686
380730890
381134968
381177004
381259534
381298942
381467290
381561216
381742490
381789470
382038172
382114002
382216576
382523064
382785300
382851616
382896718
383043196
383078138
383169694
383344636
383384394
383506488
383791768
383826094
383908358
383978552
384024560
384282614
384553832
384615278
384659970
384831484
384884350
384945386
385040524
385151202
385217590
385325336
385418116
385525118
385594580
385789428
385965896
386040932
386118164
386380548
386459124
386763808
387172820
387236566
387462168
387550786
387768718
387887110
387990364
388371888
388591682
388674790
388858360
389014824
389085256
389237230
389282698
389343736
389391266
389541064
389660222
389727206
389986302
390095652
390180176
390211712
390414102
390523564
390746470
391011198
391116748
391163326
391234414
391274798
391316228
391647804
391877282
391922912
392038384
392107690
392187834
392264092
392454940
392948018
393238906
393280444
393329788
393433922
393586766
393622732
393882270
393930796
394338472
394578188
394756096
394837262
395293400
395396096
395488400
395515284
395611402
395776868
395824120
395894486
396244296
396316484
396425182
396625084
396846752
396960938
397038238
397117984
397300398
397419764
397499416
397578484
397763064
397832812
398147050
398177988
398374660
398643102
398749832
398905230
399030066
399134012
399295196
399522918
399629390
399864736
399969030
400283256
400398120
400506208
400553368
400855212
400950242
401167074
401232928
401276848
401383894
401762074
401808260
401926484
401968478
402003144
402045972
402533236
402581066
402923428
403026984
403121808
403193714
403409834
403502492
403623844
403802930
403850620
404066814
404447058
404681478
404723616
404889650
405270152
405332318
405715968
405768408
405991544
406150250
406192474
406223886
406410538
406485184
406605578
406689814
406801002
406875160
406984858
407150794
407197288
407266740
407424522
407534108
407583128
407803902
407846280
408115754
408152052
408237304
408413690
408512714
408577836
408852110
408921676
409007896
409118928
409342180
409580856
409692262
409737706
409837606
409884566
409962732
410002510
410081626
410239786
410467108
410512324
410627270
410731396
410780858
411011074
411059404
411125434
411213736
411277428
411400900
411511122
411632402
411724524
411952280
412100074
412213238
412364368
412445142
412497776
412565072
412764376
412944382
412994398
413150454
413187814
413272628
413768240
413832702
413931634
414119020
414384428
414726524
415013126
415123478
415211110
415274748
415479304
415518436
415863504
415907070
416105770
416222886
416453564
416653832
417001688
417046400
417073728
417273324
417457198
417500002
417846928
417946826
418054724
418128508
418560072
418673354
418716520
418950710
418996652
419182872
419298234
419395494
419898788
420007492
420233284
420289786
420673976
420743226
420901308
420944960
421337158
421420286
421532680
421739646
422242070
422426348
422548140
422591742
422748504
422874342
422977528
423033900
423145432
423214790
423298634
423648586
423693376
423734266
423889012
424090200
424285688
424396108
424789300
424987370
425229018
425272920
425398804
425624950
425694038
426130758
426181602
426410664
426492784
426538022
426680278
426798338
427040860
427088500
427153906
427271884
427487134
427707156
428061458
428152136
428264596
428452612
428495968
428551640
428823200
428952264
429054170
429295190
429407716
429458416
429571614
429686872
429733522
429809648
429969924
430049066
430313538
430364996
430408448
430475356
430529414
430800840
430932122
431269010
431511350
431621904
431669028
431908498
431995158
432177112
432390254
432427068
432782048
432817736
433033090
433140880
433306904
433485526
433585926
433654914
433709740
433894300
434010048
434053896
434453178
434689054
434969316
435021012
435201624
435247362
435292486
435416160
435485552
435579640
435763588
435811696
435880006
436045496
436168774
436273714
436447794
436502306
436682396
436737342
436808750
437083376
437193894
437354612
437403032
437479858
437565254
437606514
437650344
437762656
437813410
438212430
438398440
438569336
438838212
439070488
439126690
439197230
439241124
439293730
439404764
439601090
439800964
440046382
440326558
440401296
440446104
440715908
440802160
440894874
441129706
441176848
441287232
441767018
441873670
441932086
442008202
442290268
442341470
442496216
442568192
442774906
442807168
442854412
443216352
443533838
443659312
443704524
443786350
443937214
444343920
444582860
445024310
445315190
445431038
445911244
445991026
446031188
446192788
446244172
446394880
446437072
446525720
446809572
446923650
447169598
447401152
447511200
447613870
447646028
447979946
448082234
448212794
448410292
448497000
448547220
448660536
448826384
449017864
449069266
449270126
449355902
449477742
449679538
449829572
450046254
450160746
450569014
450755278
450808450
450973286
451088572
451247864
451326830
451453202
451502352
451661986
452017982
452103078
452262288
452433492
452721624
452842058
452886662
452998062
453186262
453291364
453365860
453767058
453822284
453940398
454091160
454131914
454179758
454292682
454505762
454547028
454908250
455159784
455326168
455443914
455520626
455639166
455694454
455850006
455931460
456264872
456508016
456621150
456735668
456784952
456953244
456985456
457153444
457315182
457403104
457449972
457722984
457767804
457808460
457854622
458019148
458212590
458427878
458549860
458594716
458791704
459030524
459474278
459535176
459607272
459893662
460178652
460304210
460419296
460471442
460588490
460673340
460718304
460761240
460951566
461053374
461362450
461417432
461524428
461578628
461663658
461818658
462000072
462111906
462187748
462303482
462467084
462598846
462718658
462766940
462885122
463056158
463144948
463293050
463469430
463759824
464123884
464404342
464532852
464745690
464873348
464986484
465107228
465183296
465229494
465289432
465476140
465562082
465646450
465808798
465894824
466061698
466177772
466392290
466515084
466710360
466923742
467053600
467179288
467523426
467580384
467627580
467707488
467766790
467952506
468007670
468079172
468240590
468370436
468455884
468868654
469119768
469282880
469359642
469540318
469735270
469911088
470070262
470118214
470486266
470561908
470771168
470898274
471387572
471436964
471482736
471553738
471688508
471850282
472135630
472389904
472440008
472856904
473091622
473386234
473676166
473919818
474042792
474579114
474676652
474715866
474763194
475088636
475131448
475220558
475306810
475357060
475463228
475547594
475765400
475886018
476003198
476051860
476374592
476591392
476793316
477001716
477305124
477373608
477668980
477790776
478004322
478047208
478217014
478383214
478432342
478639958
478752292
478850794
478925046
479160680
479221470
479300230
479511172
479808434
479886260
479937800
480516162
480713822
480767342
480889652
480973280
481019214
481066348
481153460
481263048
481407322
481683826
481908780
482325656
482445582
482576448
482692378
482812552
482864878
483289704
483370694
483452190
483957312
484078422
484201316
484423318
484507186
484557936
484724686
485095546
485142418
485175226
485271064
485522260
485686788
485763914
485889476
486010368
486061194
486114302
486811728
486858064
487144222
487196714
487626766
487737218
487787208
487874000
488047292
488094182
488416902
488472936
488587518
488838510
488927112
488963398
489066466
489185256
489302946
489349278
489392220
489442278
489980992
490240692
490747460
491175528
491599126
491724146
491921918
492139670
492222680
492400432
492775656
492822658
493110384
493162146
493199886
493368112
493793520
493965312
494034766
494084354
494144582
494346954
494468850
494515428
494773712
495065668
495232518
495484296
495538674
495665822
495917924
496381754
496454978
496513802
496560476
496638676
496769506
497060568
497243604
497367122
497443116
497624402
497918700
498088228
498174336
498220678
498270640
498468290
498522494
498729338
498818028
499018110
499074738
499124904
499326688
499379608
499452654
499666644
499753112
499866608
499923120
500052176
500356046
500602362
500732790
500907246
500965454
501080176
501158134
501511402
501802902
501893020
501946504
502116900
502542346
502618234
502746176
502922142
502997824
503044798
503348078
503426076
503475444
503641796
503724780
504028804
504164994
504335146
504628218
504675270
504808274
504885582
505149544
505325338
505378998
505449514
505612100
505864764
505967642
506004036
506303384
506601000
506735880
506912882
507257342
507464270
507683644
507813404
508244760
508502346
508549576
508623354
508673182
508876708
509010800
509058054
509236168
509367898
509544310
509610924
509663028
509882024
510047572
510101722
510187046
510355606
510480140
510536144
510659368
510747124
510794458
510966728
511138896
511356634
511647826
511790844
511950620
512079390
512507692
512641472
512860422
512894988
512995252
513112056
513202326
513252984
513558752
513808670
514154914
514196142
514370866
514494386
514557566
514605932
514928690
515032862
515362254
515496448
515544032
515599156
515668382
515721802
515810570
515899858
515976208
516032174
516365004
516412632
516542326
516715872
516765684
516851386
516978282
517103502
517212400
517336040
517590220
517637884
517720014
517775280
518074300
518409832
518535712
518711346
518764176
518938298
519026838
519378846
519420262
519941064
520141918
520375854
520505948
520806838
520890360
521015484
521072570
521120666
521200300
521514114
521813140
522018792
522202980
522461304
522512632
522689776
522895550
522987812
523074342
523254922
523340032
523514022
523566766
523636284
523817666
523947316
524073252
524304114
524429758
524521120
524740198
524865926
525044072
525085810
525190594
525259282
525571242
525747486
525911372
525961194
526059782
526358942
526397190
526572166
526625248
526764872
526813454
526884110
527320810
527639586
527709166
527758294
527813402
528375924
528501966
528550116
528598222
528648274
528945788
528994064
529205822
529260812
529334972
529475438
529768322
529876750
530210154
530270794
530453150
530668032
530831524
530891748
531453316
531585074
532017058
532112496
532163364
532335580
532518124
532558932
532646360
533081474
533287956
533348774
533476320
533737548
534267254
534306156
534418802
534708374
534756836
534805292
534980424
535115334
535163814
535246648
535382366
535562530
535646276
535817362
535945560
536057532
536132338
536490068
536520312
536958932
537275260
537369726
537903768
538027632
538083894
538250012
538343444
538389684
538527536
538602960
538663542
538833460
538978534
539050076
539213604
539272908
539363220
539592966
539630782
539933486
540113098
540173414
540246852
540514524
540567690
540626648
540873048
540924510
541131104
541315366
541759170
541847014
541940442
542080938
542654476
542780352
543491352
543591166
543792616
544075408
544301680
544473262
544565894
544822448
544878678
545198094
545322266
545371176
545446038
545597032
545712452
546168880
546225176
546406092
546706798
546794392
546968850
547059710
547161022
547635938
547732220
547822476
548092916
548183892
548320874
548456520
548629062
548713634
548834394
548978640
549027720
549094192
549422684
549531986
549654960
549969088
550048806
550102902
550288498
550375366
550506734
550692450
550781216
551137744
551225304
551460390
551635390
552165382
552222772
552561266
552612074
552740364
552873892
553013492
553120894
553333138
553472960
553956150
554009092
554154222
554275984
554462556
554857790
555119880
555179380
555265066
555570014
555630036
555938866
556034890
556263088
556340186
556397006
556843724
557020722
557114858
557251460
557306036
557380462
557517464
557705480
557822204
557885444
557935374
558017398
558153912
558349422
558741956
559041880
559181958
559282966
559323890
559554016
559643140
559736888
560178278
560225530
560325544
560532932
560589964
560645866
561048470
561100418
561176384
561501692
561632062
561688154
561959272
562213522
562475060
562528304
562719304
562804738
562855092
563179118
563305602
563403440
563497584
563706610
563855070
564038302
564093040
564271000
564725084
565197248
565388710
565527760
565624588
565661968
565715374
565838528
565894122
566123384
566306160
566364024
566484642
566627896
566880752
567258020
567339710
567404280
567582254
567789352
567853816
567983800
568044832
568252562
568314492
568390414
568499228
568801934
568891988
568956440
569094008
569366114
570127606
570182746
570222736
570402862
570527654
570592078
571172424
571234802
571624460
571996156
572214252
572403706
572499724
572550700
572736488
572906370
573138454
573194656
573269974
573381124
573419574
573590890
573834138
574052882
574182790
574377500
574647854
574887344
574963506
575102614
575236564
575352968
575561310
575700626
575873604
575931810
576071572
576122614
576165548
576531498
576623886
577264380
577635784
577769242
577907494
577989260
578101180
578175706
578231118
578417462
578459466
578682506
578775622
578876384
579276384
579376452
579426870
579562436
579753000
579928720
580025514
580330786
580392740
580488020
580718884
580753162
580803670
580991174
581134128
581315484
581673944
581786160
581906512
581996618
582099294
582143602
582509208
582687820
583019796
583248904
583486850
583933028
584215424
584297434
584353578
584767280
584947028
585001260
585078084
585135130
585227802
585279946
585331196
585741276
585886194
586476250
586532106
586665108
586798100
586859422
587178308
587266704
587537714
587672822
587723600
587787266
588465238
588564970
588847588
589024580
589111412
589166584
589258962
589316022
589637456
589721560
589959410
590418902
590572774
590920038
590972214
591100512
591247258
591491868
591760276
591811858
592089560
592416516
592566198
592691416
592776062
592877438
593101852
593166194
593298072
593567600
593634492
593685522
593952618
594227986
594501550
594599702
594644054
595017224
595299696
595359066
595569378
595675246
595770020
596046960
596359666
596607662
596934652
596968208
597205906
597297586
597359486
597676262
597955964
598091832
598149846
598238778
598381348
598748152
598799408
598944190
599306942
599415386
599509338
599881252
599963180
600163636
600215398
600632408
600818042
601040282
601142564
601230980
601415524
601509958
601840778
602024890
602226548
602363360
602907742
602973530
603161254
603363924
603429894
603764500
603914028
604094146
604446668
604501874
604564628
604649860
604844188
604896178
604943696
604995940
605123892
605313598
605725924
605835202
606069372
606193744
606256070
606389612
606525096
606667572
606784466
607275634
607331932
607525112
607748568
608130162
608221682
608274104
608420332
608480542
608752140
608805612
608942428
609022646
609259778
609349770
609408920
609494236
609608166
609690376
609748252
609962976
610028542
610355710
610443818
610503530
610828242
610921664
611106950
611436124
611537994
611592066
611718176
611907280
611959104
612050542
612104236
612252106
612437734
612479296
612720240
612914216
613039900
613274340
613339628
613522274
613946232
614080042
614326064
614365942
614788918
614893412
615367818
615420114
615697034
615974278
616116070
616222952
616453402
616583792
616734068
616977578
617120284
617246218
617398960
617739090
618065638
618400090
618635478
618687588
618955604
619069692
619118570
619213362
619299044
619500466
619552738
619689320
620098412
620166508
620305298
620585224
620865020
620965676
621248380
621344982
621394060
621492584
621863194
621965496
622292166
622831262
623235896
623389444
623443306
623853446
624058078
624199052
624343572
624528734
624586316
624680396
625007346
625070526
625253202
625491638
625549472
625630032
625746294
625885626
626112276
626363774
626691808
626775422
626846982
627448002
627543786
627688840
627804780
627939030
628172288
628838370
628897950
628981852
629042262
629119738
629224968
629324392
629570446
629800018
630052658
630089194
630417050
630558284
630612404
630682376
630814132
631098512
631228884
631435888
632005620
632058274
632213078
632872802
633002396
633066962
633405608
633777058
634025522
634161596
634517450
634594796
634737510
634791596
634846172
634946486
635279462
635377776
635475248
635629972
636055400
636114758
636243636
636527220
636773150
636858356
636922446
637210014
637346846
637489454
637737450
637778800
637961630
638122002
638263898
638455084
638696952
638746532
638801930
638999970
639191424
639236926
639335430
639625018
640095788
640310040
640921296
641023488
641208812
641347472
641408600
641698594
641834840
642027906
642171238
642226658
642383998
642464316
642520018
642577186
642943352
643140176
643422484
643491070
643545226
643579380
643633302
644542440
644738066
644896136
645287692
645420342
645473586
645522898
645628872
645716000
645915236
645972278
646019356
646258728
646345530
646457866
646685874
646884182
646938740
646979014
647503972
647569876
647939602
648055946
648139360
648285690
648442802
648496664
648822068
649129026
649314060
649657464
649738024
650230390
650294036
650777558
650863816
650917252
650984500
651212414
651315966
651358696
651605014
651836118
651889638
652100810
652232106
652285602
652387800
652583440
652780320
652923924
653020406
653161228
653511978
653645430
653843648
654041384
654141858
654390704
654480016
654768710
655105608
655450580
655749878
655803574
656144766
656202294
656434382
656493416
656829084
657068682
657210682
657563258
657706290
658239588
658304290
658447804
658586676
658688726
658742482
659075504
659179632
659369424
659428590
659516798
659583390
659642568
659683248
659928276
660122094
660487854
660644252
660698096
660901084
661127566
661181420
661251278
661341486
661583096
661685672
661823294
662030844
662084796
662313882
662572134
663113014
663299814
663360564
663452028
663568540
663645008
663705940
664049954
664211444
664632032
664829102
665024986
665070136
665128042
665191864
665331158
665468928
665525058
665574092
665630660
665968100
666059404
666160106
666410388
666476188
666758524
666962854
667382222
667505756
667655098
667795802
668025220
668081506
668153060
668480666
668646698
668722224
669414564
669472086
669621862
669720232
669851442
670270700
670471246
670552514
670612154
670714200
670910242
670964494
671407644
671550160
671743244
672043134
672327862
672435764
673178436
673322492
673471734
673581502
673816914
673880416
673934800
674024638
674088520
674177496
674871912
675011570
675161050
675309370
675456428
675514748
675810550
675867812
675963040
676148140
676352386
676408744
676454734
676790540
676950594
677152946
677353156
677484246
677551246
677998216
678287066
678629044
678791502
678895414
679134004
679394140
679631522
679696142
679984316
680136544
680196634
680278982
680392912
680539952
680769014
680837016
680895228
681384026
681423648
681480312
681551380
681692612
681839596
681926308
681983706
682182178
682430656
682540144
683473906
683619492
683680320
683884840
684028806
684189332
684376886
684467066
684533898
684757736
684922548
684977886
685046844
685172218
685273938
685339442
685685398
685784250
685979220
686326002
686426008
686970290
687135654
687196404
687332178
687534768
687771622
687894534
688337512
688916410
689035366
689115082
689175568
689387930
689430134
689544830
689633580
689784290
690132548
690196358
690484398
690631976
690693032
690773030
690834592
691200670
691347400
691485752
691553124
691644674
691902970
692193004
692298556
692994958
693347180
693403982
693455948
693511172
693947864
694005182
694060684
694347954
694455548
694565228
694653480
694871302
694927186
695309484
695461702
696078284
696161090
696221948
696426298
696580550
697028898
697431346
697731454
697985368
698092942
698188522
698444898
698826078
699032088
699098806
699245328
699350032
699536688
699605164
699757532
699998636
700355728
701009910
701473280
701522228
701713918
701776402
701868258
701938480
701995600
702124458
702368096
702526638
702582258
702653706
703080710
703295486
703745854
703807018
704051110
704505490
704607526
704755800
704817120
704909750
705074014
705171224
705330186
705410598
705533326
705623086
705777152
705990150
706079234
706439434
707094756
707444702
707499542
707556752
707809090
708007424
708113748
708316284
708456876
708518920
708820262
708883422
709097822
709235092
709690330
709892970
710141756
710197574
710495528
710905994
711113454
711169264
711422430
711774348
712140702
712287916
712530302
712741594
712805910
713108372
713315424
713465446
713618208
713822936
713911638
714410288
714688002
714736356
715135156
715242420
715749846
715855758
715963940
716025632
716110318
716473940
717029532
717124410
717191804
717283836
717402460
717746462
717991206
718054266
718206240
718374026
718572036
718729164
718785318
718875566
719030996
719178410
719445418
720055830
720192840
720317592
720352760
720412790
720861828
720920976
721383084
721580544
721643430
721807578
721904496
722158164
722304070
722411598
722519616
722621138
722768420
722888890
722934348
723191070
723474864
723546366
723647690
723856906
723913256
724083500
724377306
724518180
725036666
725692222
725759572
726055918
726110774
726220540
726476598
726787476
726873908
726946308
727146316
727246368
727459130
727551214
727816824
727970550
728424702
728540510
728782908
728847238
729105130
729613538
729670112
729826388
729890138
730604066
730695480
731160878
731414494
731521312
731676818
731733476
731940000
732250942
732452694
732550016
732710860
732915372
733125724
733500256
733577882
733643180
733703984
733863378
733960882
734174802
734378022
734621466
734832056
735411788
735497994
735560794
735779190
735928066
736023874
736188430
736293116
736345290
736549548
737202790
737328564
737485360
737795398
737854522
738311832
738369514
738460808
738673688
739189216
739438486
739499722
739651954
739813940
739871358
739928330
740176104
740485920
740966038
741020078
741125252
741273422
741579340
741951614
742048768
742396836
742463240
742554586
742769784
742832588
742941054
743136192
743201866
743506786
743612096
743672244
744029864
744243390
744396024
744487280
744755952
745076266
745602662
745814906
746202228
746259442
746422986
746485936
746582424
746690486
746738954
746872086
747476152
747729090
747838622
748211480
748275812
749247998
749401068
749612784
749712748
749866822
749924866
750604972
750756876
750871078
751332670
751393438
751445518
751713590
751800160
751918574
752241574
752397164
752537430
752603404
752854136
752926432
753059082
753580616
753652506
753740578
753896554
754016612
754126404
754423234
754481100
754540896
754594288
754864012
755058820
755378596
755536702
755598478
755641682
755846906
755910252
756076252
756212496
756377878
756635390
756808326
757120114
757327672
757479144
757581558
757727954
758005332
758164940
758327480
758690578
758748270
758851996
759210230
759429652
759535354
759675166
759891320
760361934
760419690
761261006
761478486
761537562
761852372
762008426
762159726
762426548
762588968
762844846
762916872
763118984
763648624
764054702
764186644
764329110
764423932
764492104
764639348
765593652
765644566
765702534
765847132
766079142
766231952
766390112
766600442
766814298
767131334
767189354
767590622
767662462
767811838
768187920
768410958
768771714
768818740
769023054
769089054
769299782
769555310
769622780
770101420
770165368
770254492
770683394
770835660
770893810
771367348
771428200
771471350
771834394
771902850
772118998
772204928
772480430
772528122
772653688
772898624
773271806
773697914
774073936
774126170
774402306
774485090
774610802
774764156
775307276
775456892
775627850
775919078
775983260
776092488
776206552
776449790
776514002
776623584
776738040
776788636
776847010
777258776
777315482
777373910
777800350
777959832
778071140
778136594
778283158
778341640
778436588
778811158
778969648
779038062
779183896
779292756
779357752
779658866
779725082
780035010
780105776
780251690
780520332
780990230
781044334
781162656
781329226
781705758
782070342
782335366
782479818
782550834
782645554
783089378
783183598
783453818
783674552
783934138
783998674
784205022
784253572
784532368
784688888
784747562
784801496
785013370
785322310
785913280
786067918
786360198
786765158
786972592
787675034
787846500
788428278
788653178
788907358
788974032
789275368
789340108
789829310
790046614
790412280
790521102
790681590
790740484
791433634
791758894
792034858
792244398
792303304
792946398
793051250
793116152
793488020
793586646
793881686
794029860
794435138
795185984
795250958
795518860
795580588
796177350
796337820
796425748
796500932
796564274
796610408
796879020
797570570
797727818
797959166
798063982
798489730
798804326
798875742
798966088
799031848
799129698
799192748
799251968
799311564
799371262
799794620
799957292
800124496
800212338
800342426
800500800
800752728
800883530
801136720
801456308
801739534
802051936
802491818
802538742
802662596
802753708
802920150
802980598
803365912
803520688
803633184
803833050
803898376
804128582
804176090
804445226
804541920
804669664
804759966
804831324
805072138
805381066
806005754
806280240
806393328
806464296
806715466
806775300
806884888
807313382
807473922
807530274
807918806
808076708
808326096
808552284
809170706
809321570
809488008
809587170
809722150
809806122
810082058
810135554
810413702
810625520
810734984
810894558
811226938
811507272
811670384
811872192
811988062
812053774
812148356
812271248
812748886
812812928
812856202
813295540
813389144
813449366
813523880
813679394
813940052
814070696
814442818
814497586
814559212
814704508
814774018
814933140
815090054
816234018
816339834
816493704
816715600
816795538
817052670
817279618
817420728
817486644
817716156
817821938
817976326
818313610
818741618
818857074
818917008
819082576
819238580
819363768
819631356
820000176
820072894
820318834
820449136
820553300
820765648
820871146
820938908
821028038
821088068
821165202
821322604
821715828
821800674
821981260
822048042
822108306
822356802
822679616
822973100
823058882
823464110
823742164
823900138
824152752
824224182
824321602
824381740
824463014
824718342
824881920
825091756
825265346
825546752
825706166
825866296
826033828
826472772
827191692
827299796
827520518
827582602
827686384
827990174
828069838
828134320
828177974
828715894
828776188
829328816
829398920
829556716
829877548
830111462
830320158
830372782
830435150
830502666
830754732
831433058
831698804
832018686
832081864
832298334
832479976
832578090
832790028
833121224
833187710
833504908
833619798
833740058
834124120
834459700
835158534
835294534
835449740
835787178
835847728
836006132
836160576
836271758
836563222
836979558
837267142
837381784
837437538
837547330
837835084
838098906
838542260
838657452
838873630
839035018
839255084
839431154
839712382
840520614
840590574
840854382
840919560
841299132
841422902
841483662
841634100
841705080
841854002
841914914
842027156
842092266
842481794
842653126
842753410
843294826
843456966
843589776
843682140
843759124
844317680
844471562
844577206
844694468
844801844
845196328
845861856
845923416
845982772
846137384
846229456
846374712
846424156
846697934
846919666
847083534
847476386
847518602
847579580
847658122
848198394
848300056
848579098
848857080
849083514
849630674
849694118
849745310
849865544
850043618
850588962
850766760
850913122
851540522
851867516
852109942
852267592
852658686
853026302
853087002
853385592
853544274
853932450
854029016
854101506
854167110
854319508
854600072
854669536
855148058
855282002
855928356
856164966
856504976
856572212
856718054
856826310
856891012
857008946
857070322
857554862
857676888
857795220
858238196
858414028
858587766
859063792
859189618
859618202
859689664
859854958
860304764
860485752
860862592
860921072
860982578
861144688
861429424
861694068
861762992
861861054
861997998
862038858
862158772
862337422
862649770
863152752
863446518
863553410
863846830
864110678
864229378
864282254
864410556
864495086
864671108
864744576
864806686
864862556
865060048
865133248
865350336
865465074
865704960
866199664
866268892
866363934
866578688
866761528
867044990
867090876
867929464
868045656
868212076
868280452
868507016
868734652
869291480
869342970
869569540
869637604
869741354
869913096
870132528
870200494
870359750
870423272
870603908
870706714
870851658
871033898
871168852
871431820
871738844
871892596
871998686
872229464
872381156
872449226
872631860
872785284
873023052
873177636
873520140
873671172
873739216
873808318
873857196
874383090
874475590
874877232
874984766
875263898
875447134
875547890
875609864
876113670
876242446
876408916
877238424
877355308
877471714
877807602
877928404
878041576
878199416
878339754
878511018
878838166
878902786
879001258
879233540
879570236
879736086
879909218
880138964
880701392
880866756
880939260
881090734
881154610
881211010
881344416
881662822
881729464
881779148
882171918
882397276
882470470
882581120
882736224
883380696
883479958
883603306
884038994
884271216
884441086
885125552
885416138
885486578
885573624
885639626
885706910
885760860
885880636
886281666
886376226
886842108
886885128
886948566
887023392
887365220
887746336
887859134
888248778
888431502
889293216
889622156
889690514
889967084
890355016
890766404
890828918
891273788
891673172
891742854
892007172
892470176
892872834
893152944
893215728
893276500
893453920
893615446
893685166
893855848
894115812
894199528
894361376
894687042
894764356
894924322
895004684
895265680
895430970
895493650
895962650
896235066
896417306
896530524
896818942
897221924
897379538
897448560
897552436
897626954
898194152
898256928
898531304
899165150
899283760
899506838
899682112
900154314
900307250
900536294
900883510
901161490
901225558
901470566
901558588
901632974
901858032
901968476
902039786
902541140
902872804
902935738
903346116
903450690
903597482
903686012
903755300
903866638
904158604
904432264
904554542
905128648
905406784
905477378
905644182
905711724
905761150
905993962
906063434
906288854
906460034
906731290
906864488
907038118
907204146
907705722
907775172
908454596
908585588
908850206
909147092
909206840
909601898
910083456
910185054
910263178
910407194
910480386
910830452
910995728
911081922
911331998
911403900
911503890
911571090
912040176
912322800
912626634
912680080
913197266
913476978
913546728
913723728
914346650
914452592
914527426
914637586
914866060
914971890
915683214
915844124
916068902
916123934
916191950
916263786
916418398
916532748
916602322
917018830
917243768
917416288
917871504
918100514
918171800
918404196
918566956
918678958
918912300
918976812
919093278
919416496
919492288
919596482
919732574
919825242
920006884
920483354
920597114
920770178
920986312
921577772
921870834
922041622
922224432
922457040
922562746
922735592
922974344
923037974
923379382
923491508
923560402
923721460
923803438
924243030
924645732
924710958
924885776
925064868
925283582
925462214
925705174
925985556
926107874
926392672
926471492
926623200
926698024
927043812
928026446
928138064
928255456
928306436
928445986
928610412
928721636
928902486
929419482
929594936
929715432
929786742
929939354
930007796
930191670
930306464
931037802
931282326
931363062
931528212
931704330
932095152
932219844
932346734
932456612
932798826
932975622
933039612
933277082
933558168
933623916
933866248
934097624
934150960
934673218
934858900
934967354
935374556
935719732
936464596
936711868
936892824
937067752
937293742
937368034
937703162
937948864
938112744
938182758
938364934
938876254
938944210
939053826
939301790
939467702
939545786
940115004
940211106
940284972
940400500
940697396
941158228
941617920
941983218
942219624
942448094
942635344
942735976
942813268
942975148
943153904
943312010
943459094
943504752
943914220
944087712
944616678
944669398
945143974
945263628
945328032
945574050
946393698
946744006
946848492
946932994
947434290
947569580
948090320
948190560
948256498
948433984
948619700
948737962
948847956
949023066
949204548
949385336
949454486
949841176
949908838
949972564
950376650
950450044
950562592
951267780
951540330
951625124
952032128
952447388
952550560
952850156
952976552
953142830
953319154
953386954
953453620
953514414
953811854
954160952
954805608
954985850
955399016
955688032
955851028
956337604
956443360
956508134
956686246
956758456
956871032
957037838
957586690
957935510
958114952
958466340
958944354
959297516
959362386
959811724
960572260
960637180
960722424
960821170
960892630
961005604
961187084
961730022
961841062
962085502
962313974
962435144
962496900
963191042
963264542
963452818
963686524
964143552
964211580
964297132
964456354
964632660
964734762
964802532
964880322
965326566
965396622
965474698
966153556
966229606
966647770
966931336
967430448
967763558
968604444
968716632
968891994
968958422
969435142
969715164
969970564
970037254
970094140
970159588
970336310
970411898
970564408
970746666
970811316
971515676
971696142
971769880
972000890
972353266
972472032
972618260
972888584
973291874
973366124
973483076
973960822
974077372
974268160
974743038
975173028
975575750
975699762
975994272
976697502
977230590
977372290
977531234
977650300
978125584
978252624
978498168
979022354
979088900
979436592
979512896
979583138
979632240
980037888
980472152
980624616
980820706
980886334
981243330
981321856
981474980
981651110
981964076
982153482
982253944
982437578
982572338
982686268
982929414
983224816
983464590
983763106
983953448
984301646
984367356
984549336
985013976
985505058
985614876
985844686
985917214
986348202
986448098
986871584
987285822
987351702
987420306
987665144
987737570
987835716
988566956
988676062
989104992
989219054
989286534
989807264
990054104
990399334
990472762
990551538
990835592
990965260
991022644
991089302
991261680
991338126
991613720
991679816
991863666
992026688
992175444
992356590
992714522
992951998
993062782
993379826
993423698
993570256
993924280
994164702
994688558
994763852
994872404
995177580
995298468
995481656
995707738
995776870
995837846
995908184
996089084
996566884
996760648
996936590
997598986
997771398
997941366
998140736
998236422
998303200
998666496
998915934
999465314
1000055832
1000124076
1000466290
1000543196
1000670544
1000971254
1001076410
1001158682
1001324290
1001760058
1001925232
1002534040
1002905472
1003071806
1003623792
1003684582
1003757230
1004163132
1004357446
1004422196
1004600288
1004708298
1004784274
1005313660
1005395746
1005626732
1006062982
1006416856
1006531372
1006758326
1006953228
1007310110
1007381354
1007465214
1007558768
1007631992
1007876820
1008412630
1008541196
1008941428
1009093428
1009367612
1009551204
1009704026
1009806942
1009883510
1010003870
1010410014
1010663632
1010776468
1010851402
1011269284
1011386914
1011700140
1011807860
1012487188
1012668530
1013022272
1013098262
1013339338
1013637740
1014133706
1014244828
1014425092
1014671612
1015355058
1015461618
1015889118
1016309568
1016379192
1016669592
1016978216
1017104680
1017170600
1017464806
1017612550
1018072272
1018663888
1018743950
1018928712
1019181490
1019293000
1019612196
1020021822
1020230956
1020502708
1020575384
1020643154
1020936496
1021188454
1021256462
1021439756
1021630566
1021732772
1022343338
1022584786
1022772624
1023091266
1023272498
1023449126
1023638956
1023749424
1023819502
1023897604
1024171958
1024359228
1024432560
1024598802
1025290556
1025648072
1025715596
1025907372
1026451166
1026858286
1026940606
1027363326
1027485840
1027571686
1028162578
1028343686
1028469528
1028880454
1029267670
1029491592
1029569352
1029757210
1030010170
1030132762
1030484790
1030620854
1031700324
1031847324
1032130584
1032207210
1032324358
1032475700
1032756200
1033254884
1033374442
1033612096
1033791014
1034045334
1034166184
1034663818
1034913934
1035277668
1035454762
1035799286
1035886176
1035956728
1036009428
1036078650
1036513542
1036682278
1036873608
1036947888
1037187544
1037370582
1037664638
1037798234
1037855008
1037922488
1038172400
1039091668
1039219036
1039333646
1039408046
1039508564
1039661464
1040264934
1040464026
1040628882
1040741798
1041000944
1041077118
1041365104
1041496886
1041797044
1042042854
1042225394
1042417110
1042852208
1043210706
1043399818
1043529684
1043655980
1043901616
1043969290
1044154362
1044432380
1044523158
1044590850
1044640180
1045144356
1045386248
1045564920
1045929614
1046007024
1046174594
1046501952
1046809736
1047034384
1047241014
1047601380
1047862272
1048044044
1048388258
1048464988
1048760490
1048843870
1048952832
1049021460
1049477886
1049807308
1050012764
1050189866
1050753342
1050813390
1050884388
1051374004
1051504080
1051568104
1051690354
1051936864
1052470054
1052555838
1052738778
1052918516
1053295162
1053425848
1053729528
1053896242
1054164604
1054241004
1054471856
1054597634
1054675392
1054852122
1055104412
1055397542
1055476274
1055649978
1055784906
1055853912
1056273692
1056352754
1056409896
1056718278
1057076760
1057267778
1057517838
1057947270
1058144724
1058249128
1058317262
1058392632
1058703100
1058942020
1059022324
1059200620
1059377822
1059445994
1059586156
1060257346
1060373492
1060451792
1060751310
1060992546
1061170006
1061609752
1061794046
1062426374
1062596340
1062666748
1063172216
1063226844
1063555726
1063734966
1064180020
1064482440
1064553898
1064624704
1065057962
1065226760
1065352310
1065540988
1065627302
1065783336
1065860694
1066344800
1066499340
1066785630
1066865952
1067532156
1067590810
1067745882
1068027428
1068166032
1068237556
1068306538
1068725218
1069986050
1070057852
1070158086
1070677054
1070721614
1071049028
1071409566
1071658468
1072043756
1072282576
1072409272
1072475066
1073092588
1073161708
1073470932
1073547366
1073983922
1074287130
1074600338
1074978030
1075089522
1075856262
1075967566
1076347246
1076420938
1076590642
1076782616
1076858778
1076931070
1077061568
1077551692
1077942770
1078562248
1078666624
1078818922
1079471362
1079812024
1079921928
1080978674
1081057004
1081372252
1081616352
1081940784
1082239864
1082427160
1083053476
1083127494
1083196518
1083309344
1083521848
1083762384
1083834486
1084388594
1084499502
1084838812
1085088714
1085651256
1086008700
1086458438
1086530558
1086733234
1086835024
1086969956
1087030306
1087161344
1087360782
1087803116
1087913906
1088443372
1088608566
1088724564
1088990600
1089241774
1089363584
1089616714
1089696704
1090126692
1091056742
1091437244
1091771310
1091954552
1092024764
1092497688
1092589136
1092658418
1093144184
1093577788
1093906394
1094110246
1094210444
1094924612
1095159174
1095221868
1095293004
1095502242
1095578510
1095739598
1095813926
1095876006
1096012348
1096131388
1096389940
1096627204
1096928602
1097082374
1097194702
1097756384
1097825784
1098202216
1098339884
1098457874
1098537768
1099025176
1099097884
1099350364
1099596436
1099727054
1099794300
1100292120
1100802150
1100872782
1100996964
1101076914
1101885312
1102016606
1102186624
1102440888
1102519278
1102773864
1102829508
1103282590
1103711612
1103955996
1104025602
1104237286
1104355944
1104744956
1105622412
1105882662
1105952334
1106071960
1106319018
1106775174
1107089018
1107255084
1107411094
1107522690
1107601640
1107783172
1108163742
1108489644
1108552264
1109127514
1109435992
1109706342
1109897888
1110247508
1110335244
1110405654
1110596774
1110784454
1110906128
1110977638
1111086242
1111238900
1111352474
